2022-07-23 17:40:26,Security,SANU-PC,"",12544,4624,0,99053,"",Microsoft-Windows-Security-Auditing,"[""S-1-5-18"",""SANU-PC$"",""WORKGROUP"",""0x3e7"",""S-1-5-18"",""SYSTEM"",""NT AUTHORITY"",""0x3e7"",""5"",""Advapi  "",""Negotiate"",""-"",""{00000000-0000-0000-0000-000000000000}"",""-"",""-"",""0"",""0x33c"",""C:\\Windows\\System32\\services.exe"",""-"",""-"",""%%1833"",""-"",""-"",""-"",""%%1843"",""0x0"",""%%1842""]",2022-07-23 23:10:25 +0530,2022-07-23 23:10:25 +0530,SuccessAudit,Infrastructure,1.27.2,|544156790|544157489|,|employee-dashboard|employee-service|,8,,MzQwNjg4NXxJTkZSQXxOQXwzNTQzMTU2MjYyMzc3MjI4ODY2,MzQwNjg4NXxJTkZSQXxOQXwzNTQzMTU2MjYyMzc3MjI4ODY2,,winlog,SANU-PC,running,SANU-PC,HP HP Laptop 15-da1xxx,,windows_security,"An account was successfully logged on.

Subject:
	Security ID:		S-1-5-18
	Account Name:		SANU-PC$
	Account Domain:		WORKGROUP
	Logon ID:		0x3e7

Logon Information:
	Logon Type:		5
	Restricted Admin Mode:	-
	Virtual Account:		%%1843
	Elevated Token:		%%1842

Impersonation Level:		%%1833

New Logon:
	Security ID:		S-1-5-18
	Account Name:		SYSTEM
	Account Domain:		NT AUTHORITY
	Logon ID:		0x3e7
	Linked Logon ID:		0x0
	Network Account Name:	-
	Network Account Domain:	-
	Logon GUID:		{00000000-0000-0000-0000-000000000000}

Process Information:
	Process ID:		0x33c
	Process Name:		C:\Windows\System32\services.exe

Network Information:
	Workstation Name:	-
	Source Network Address:	-
	Source Port:		-

Detailed Authentication Information:
	Logon Process:		Advapi  
	Authentication Package:	Negotiate
	Transited Services:	-
	Package Name (NTLM only):	-
	Key Length:		0

This event is generated when a logon session is created. It is generated on the computer that was accessed.

The subject fields indicate the account on the local system which requested the logon. This is most commonly a service such as the Server service, or a local process such as Winlogon.exe or Services.exe.

The logon type field indicates the kind of logon that occurred. The most common types are 2 (interactive) and 3 (network).

The New Logon fields indicate the account for whom the new logon was created, i.e. the account that was logged on.

The network fields indicate where a remote logon request originated. Workstation name is not always available and may be left blank in some cases.

The impersonation level field indicates the extent to which a process in the logon session can impersonate.

The authentication information fields provide detailed information about this specific logon request.
	- Logon GUID is a unique identifier that can be used to correlate this event with a KDC event.
	- Transited services indicate which intermediate services have participated in this logon request.
	- Package name indicates which sub-protocol was used among the NTLM protocols.
	- Key length indicates the length of the generated session key. This will be 0 if no session key was requested.
",5f90f61e-7dcf-43ef-b47a-f3319efafc66,"An account was successfully logged on.

Subject:
	Security ID:		S-<DATETIME>
	Account Name:		SANU-PC$
	Account Domain:		WORKGROUP
	Logon ID:	<HEX>

Logon Information:
	Logon Type:		5
	Restricted Admin Mode:	-
	Virtual Account:		%%1843
	Elevated Token:		%%1842

Impersonation Level:		%%1833

New Logon:
	Security ID:		S-<DATETIME>
	Account Name:		SYSTEM
	Account Domain:		NT AUTHORITY
	Logon ID:	<HEX>
	Linked Logon ID:	<HEX>
	Network Account Name:	-
	Network Account Domain:	-
	Logon GUID:		{<UUID>}

Process Information:
	Process ID:	<HEX>
	Process Name:		C:\Windows\System32\services.exe

Network Information:
	Workstation Name:	-
	Source Network Address:	-
	Source Port:		-

Detailed Authentication Information:
	Logon Process:		Advapi  
	Authentication Package:	Negotiate
	Transited Services:	-
	Package Name (NTLM only):	-
	Key Length:		0

This event is generated when a logon session is created. It is generated on the computer that was accessed.

The subject fields indicate the account on the local system which requested the logon. This is most commonly a service such as the Server service, or a local process such as Winlogon.exe or Services.exe.

The logon type field indicates the kind of logon that occurred. The most common types are 2 (interactive) and 3 (network).

The New Logon fields indicate the account for whom the new logon was created, i.e. the account that was logged on.

The network fields indicate where a remote logon request originated. Workstation name is not always available and may be left blank in some cases.

The impersonation level field indicates the extent to which a process in the logon session can impersonate.

The authentication information fields provide detailed information about this specific logon request.
	- Logon GUID is a unique identifier that can be used to correlate this event with a KDC event.
	- Transited services indicate which intermediate services have participated in this logon request.
	- Package name indicates which sub-protocol was used among the NTLM protocols.
	- Key length indicates the length of the generated session key. This will be 0 if no session key was requested.
",1,api.logs,windows,BARE-METAL,fluent-bit,1.9.2,1,,8470712320,,Standalone Workstation,Microsoft Windows 11 Home Single Language,10.0.22000 Build 22000
2022-07-23 17:37:34,Application,SANU-PC,"",0,15,0,4837,"",SecurityCenter,"[""Windows Defender"",""SECURITY_PRODUCT_STATE_ON""]",2022-07-23 23:07:34 +0530,2022-07-23 23:07:34 +0530,Information,Infrastructure,1.27.2,|544156790|544157489|,|employee-dashboard|employee-service|,8,,MzQwNjg4NXxJTkZSQXxOQXwzNTQzMTU2MjYyMzc3MjI4ODY2,MzQwNjg4NXxJTkZSQXxOQXwzNTQzMTU2MjYyMzc3MjI4ODY2,,winlog,SANU-PC,running,SANU-PC,HP HP Laptop 15-da1xxx,,windows_application,"Updated Windows Defender status successfully to SECURITY_PRODUCT_STATE_ON.
",6ae2cee0-1e22-4b86-8fbb-f4f7dad95945,"Updated Windows Defender status successfully to SECURITY_PRODUCT_STATE_ON.
",1,api.logs,windows,BARE-METAL,fluent-bit,1.9.2,1,,8470712320,,Standalone Workstation,Microsoft Windows 11 Home Single Language,10.0.22000 Build 22000
2022-07-23 17:37:34,Application,SANU-PC,"",0,16384,16384,4838,"",Software Protection Platform Service,"[""2122-06-29T17:37:33Z"",""RulesEngine""]",2022-07-23 23:07:34 +0530,2022-07-23 23:07:34 +0530,Information,Infrastructure,1.27.2,|544156790|544157489|,|employee-dashboard|employee-service|,8,,MzQwNjg4NXxJTkZSQXxOQXwzNTQzMTU2MjYyMzc3MjI4ODY2,MzQwNjg4NXxJTkZSQXxOQXwzNTQzMTU2MjYyMzc3MjI4ODY2,,winlog,SANU-PC,running,SANU-PC,HP HP Laptop 15-da1xxx,,windows_application,"Successfully scheduled Software Protection service for re-start at 2122-06-29T17:37:33Z. Reason: RulesEngine.
",1168f966-bfa0-4379-878e-e4536447d371,"Successfully scheduled Software Protection service for re-start at <DATETIME>. Reason: RulesEngine.
",2,api.logs,windows,BARE-METAL,fluent-bit,1.9.2,1,,8470712320,,Standalone Workstation,Microsoft Windows 11 Home Single Language,10.0.22000 Build 22000
2022-07-23 17:37:06,Security,SANU-PC,"",12544,4624,0,99027,"",Microsoft-Windows-Security-Auditing,"[""S-1-5-18"",""SANU-PC$"",""WORKGROUP"",""0x3e7"",""S-1-5-18"",""SYSTEM"",""NT AUTHORITY"",""0x3e7"",""5"",""Advapi  "",""Negotiate"",""-"",""{00000000-0000-0000-0000-000000000000}"",""-"",""-"",""0"",""0x33c"",""C:\\Windows\\System32\\services.exe"",""-"",""-"",""%%1833"",""-"",""-"",""-"",""%%1843"",""0x0"",""%%1842""]",2022-07-23 23:07:05 +0530,2022-07-23 23:07:05 +0530,SuccessAudit,Infrastructure,1.27.2,|544156790|544157489|,|employee-dashboard|employee-service|,8,,MzQwNjg4NXxJTkZSQXxOQXwzNTQzMTU2MjYyMzc3MjI4ODY2,MzQwNjg4NXxJTkZSQXxOQXwzNTQzMTU2MjYyMzc3MjI4ODY2,,winlog,SANU-PC,running,SANU-PC,HP HP Laptop 15-da1xxx,,windows_security,"An account was successfully logged on.

Subject:
	Security ID:		S-1-5-18
	Account Name:		SANU-PC$
	Account Domain:		WORKGROUP
	Logon ID:		0x3e7

Logon Information:
	Logon Type:		5
	Restricted Admin Mode:	-
	Virtual Account:		%%1843
	Elevated Token:		%%1842

Impersonation Level:		%%1833

New Logon:
	Security ID:		S-1-5-18
	Account Name:		SYSTEM
	Account Domain:		NT AUTHORITY
	Logon ID:		0x3e7
	Linked Logon ID:		0x0
	Network Account Name:	-
	Network Account Domain:	-
	Logon GUID:		{00000000-0000-0000-0000-000000000000}

Process Information:
	Process ID:		0x33c
	Process Name:		C:\Windows\System32\services.exe

Network Information:
	Workstation Name:	-
	Source Network Address:	-
	Source Port:		-

Detailed Authentication Information:
	Logon Process:		Advapi  
	Authentication Package:	Negotiate
	Transited Services:	-
	Package Name (NTLM only):	-
	Key Length:		0

This event is generated when a logon session is created. It is generated on the computer that was accessed.

The subject fields indicate the account on the local system which requested the logon. This is most commonly a service such as the Server service, or a local process such as Winlogon.exe or Services.exe.

The logon type field indicates the kind of logon that occurred. The most common types are 2 (interactive) and 3 (network).

The New Logon fields indicate the account for whom the new logon was created, i.e. the account that was logged on.

The network fields indicate where a remote logon request originated. Workstation name is not always available and may be left blank in some cases.

The impersonation level field indicates the extent to which a process in the logon session can impersonate.

The authentication information fields provide detailed information about this specific logon request.
	- Logon GUID is a unique identifier that can be used to correlate this event with a KDC event.
	- Transited services indicate which intermediate services have participated in this logon request.
	- Package name indicates which sub-protocol was used among the NTLM protocols.
	- Key length indicates the length of the generated session key. This will be 0 if no session key was requested.
",977eceb4-40d1-47cb-85dd-b61b0a90ee06,"An account was successfully logged on.

Subject:
	Security ID:		S-<DATETIME>
	Account Name:		SANU-PC$
	Account Domain:		WORKGROUP
	Logon ID:	<HEX>

Logon Information:
	Logon Type:		5
	Restricted Admin Mode:	-
	Virtual Account:		%%1843
	Elevated Token:		%%1842

Impersonation Level:		%%1833

New Logon:
	Security ID:		S-<DATETIME>
	Account Name:		SYSTEM
	Account Domain:		NT AUTHORITY
	Logon ID:	<HEX>
	Linked Logon ID:	<HEX>
	Network Account Name:	-
	Network Account Domain:	-
	Logon GUID:		{<UUID>}

Process Information:
	Process ID:	<HEX>
	Process Name:		C:\Windows\System32\services.exe

Network Information:
	Workstation Name:	-
	Source Network Address:	-
	Source Port:		-

Detailed Authentication Information:
	Logon Process:		Advapi  
	Authentication Package:	Negotiate
	Transited Services:	-
	Package Name (NTLM only):	-
	Key Length:		0

This event is generated when a logon session is created. It is generated on the computer that was accessed.

The subject fields indicate the account on the local system which requested the logon. This is most commonly a service such as the Server service, or a local process such as Winlogon.exe or Services.exe.

The logon type field indicates the kind of logon that occurred. The most common types are 2 (interactive) and 3 (network).

The New Logon fields indicate the account for whom the new logon was created, i.e. the account that was logged on.

The network fields indicate where a remote logon request originated. Workstation name is not always available and may be left blank in some cases.

The impersonation level field indicates the extent to which a process in the logon session can impersonate.

The authentication information fields provide detailed information about this specific logon request.
	- Logon GUID is a unique identifier that can be used to correlate this event with a KDC event.
	- Transited services indicate which intermediate services have participated in this logon request.
	- Package name indicates which sub-protocol was used among the NTLM protocols.
	- Key length indicates the length of the generated session key. This will be 0 if no session key was requested.
",1,api.logs,windows,BARE-METAL,fluent-bit,1.9.2,1,,8470712320,,Standalone Workstation,Microsoft Windows 11 Home Single Language,10.0.22000 Build 22000
2022-07-23 17:36:23,Application,SANU-PC,"",0,15,0,4836,"",SecurityCenter,"[""Windows Defender"",""SECURITY_PRODUCT_STATE_ON""]",2022-07-23 23:06:23 +0530,2022-07-23 23:06:23 +0530,Information,Infrastructure,1.27.2,|544156790|544157489|,|employee-dashboard|employee-service|,8,,MzQwNjg4NXxJTkZSQXxOQXwzNTQzMTU2MjYyMzc3MjI4ODY2,MzQwNjg4NXxJTkZSQXxOQXwzNTQzMTU2MjYyMzc3MjI4ODY2,,winlog,SANU-PC,running,SANU-PC,HP HP Laptop 15-da1xxx,,windows_application,"Updated Windows Defender status successfully to SECURITY_PRODUCT_STATE_ON.
",60c58759-2eb3-49d0-93ba-e40ed6b4b138,"Updated Windows Defender status successfully to SECURITY_PRODUCT_STATE_ON.
",1,api.logs,windows,BARE-METAL,fluent-bit,1.9.2,1,,8470712320,,Standalone Workstation,Microsoft Windows 11 Home Single Language,10.0.22000 Build 22000
2022-07-23 17:36:21,Security,SANU-PC,"",12544,4624,0,99021,"",Microsoft-Windows-Security-Auditing,"[""S-1-5-18"",""SANU-PC$"",""WORKGROUP"",""0x3e7"",""S-1-5-18"",""SYSTEM"",""NT AUTHORITY"",""0x3e7"",""5"",""Advapi  "",""Negotiate"",""-"",""{00000000-0000-0000-0000-000000000000}"",""-"",""-"",""0"",""0x33c"",""C:\\Windows\\System32\\services.exe"",""-"",""-"",""%%1833"",""-"",""-"",""-"",""%%1843"",""0x0"",""%%1842""]",2022-07-23 23:06:20 +0530,2022-07-23 23:06:20 +0530,SuccessAudit,Infrastructure,1.27.2,|544156790|544157489|,|employee-dashboard|employee-service|,8,,MzQwNjg4NXxJTkZSQXxOQXwzNTQzMTU2MjYyMzc3MjI4ODY2,MzQwNjg4NXxJTkZSQXxOQXwzNTQzMTU2MjYyMzc3MjI4ODY2,,winlog,SANU-PC,running,SANU-PC,HP HP Laptop 15-da1xxx,,windows_security,"An account was successfully logged on.

Subject:
	Security ID:		S-1-5-18
	Account Name:		SANU-PC$
	Account Domain:		WORKGROUP
	Logon ID:		0x3e7

Logon Information:
	Logon Type:		5
	Restricted Admin Mode:	-
	Virtual Account:		%%1843
	Elevated Token:		%%1842

Impersonation Level:		%%1833

New Logon:
	Security ID:		S-1-5-18
	Account Name:		SYSTEM
	Account Domain:		NT AUTHORITY
	Logon ID:		0x3e7
	Linked Logon ID:		0x0
	Network Account Name:	-
	Network Account Domain:	-
	Logon GUID:		{00000000-0000-0000-0000-000000000000}

Process Information:
	Process ID:		0x33c
	Process Name:		C:\Windows\System32\services.exe

Network Information:
	Workstation Name:	-
	Source Network Address:	-
	Source Port:		-

Detailed Authentication Information:
	Logon Process:		Advapi  
	Authentication Package:	Negotiate
	Transited Services:	-
	Package Name (NTLM only):	-
	Key Length:		0

This event is generated when a logon session is created. It is generated on the computer that was accessed.

The subject fields indicate the account on the local system which requested the logon. This is most commonly a service such as the Server service, or a local process such as Winlogon.exe or Services.exe.

The logon type field indicates the kind of logon that occurred. The most common types are 2 (interactive) and 3 (network).

The New Logon fields indicate the account for whom the new logon was created, i.e. the account that was logged on.

The network fields indicate where a remote logon request originated. Workstation name is not always available and may be left blank in some cases.

The impersonation level field indicates the extent to which a process in the logon session can impersonate.

The authentication information fields provide detailed information about this specific logon request.
	- Logon GUID is a unique identifier that can be used to correlate this event with a KDC event.
	- Transited services indicate which intermediate services have participated in this logon request.
	- Package name indicates which sub-protocol was used among the NTLM protocols.
	- Key length indicates the length of the generated session key. This will be 0 if no session key was requested.
",cdad7820-d66b-4ff1-a414-18ad62e6ccb9,"An account was successfully logged on.

Subject:
	Security ID:		S-<DATETIME>
	Account Name:		SANU-PC$
	Account Domain:		WORKGROUP
	Logon ID:	<HEX>

Logon Information:
	Logon Type:		5
	Restricted Admin Mode:	-
	Virtual Account:		%%1843
	Elevated Token:		%%1842

Impersonation Level:		%%1833

New Logon:
	Security ID:		S-<DATETIME>
	Account Name:		SYSTEM
	Account Domain:		NT AUTHORITY
	Logon ID:	<HEX>
	Linked Logon ID:	<HEX>
	Network Account Name:	-
	Network Account Domain:	-
	Logon GUID:		{<UUID>}

Process Information:
	Process ID:	<HEX>
	Process Name:		C:\Windows\System32\services.exe

Network Information:
	Workstation Name:	-
	Source Network Address:	-
	Source Port:		-

Detailed Authentication Information:
	Logon Process:		Advapi  
	Authentication Package:	Negotiate
	Transited Services:	-
	Package Name (NTLM only):	-
	Key Length:		0

This event is generated when a logon session is created. It is generated on the computer that was accessed.

The subject fields indicate the account on the local system which requested the logon. This is most commonly a service such as the Server service, or a local process such as Winlogon.exe or Services.exe.

The logon type field indicates the kind of logon that occurred. The most common types are 2 (interactive) and 3 (network).

The New Logon fields indicate the account for whom the new logon was created, i.e. the account that was logged on.

The network fields indicate where a remote logon request originated. Workstation name is not always available and may be left blank in some cases.

The impersonation level field indicates the extent to which a process in the logon session can impersonate.

The authentication information fields provide detailed information about this specific logon request.
	- Logon GUID is a unique identifier that can be used to correlate this event with a KDC event.
	- Transited services indicate which intermediate services have participated in this logon request.
	- Package name indicates which sub-protocol was used among the NTLM protocols.
	- Key length indicates the length of the generated session key. This will be 0 if no session key was requested.
",1,api.logs,windows,BARE-METAL,fluent-bit,1.9.2,1,,8470712320,,Standalone Workstation,Microsoft Windows 11 Home Single Language,10.0.22000 Build 22000
2022-07-23 17:36:05,Security,SANU-PC,"",12544,4624,0,99011,"",Microsoft-Windows-Security-Auditing,"[""S-1-5-18"",""SANU-PC$"",""WORKGROUP"",""0x3e7"",""S-1-5-18"",""SYSTEM"",""NT AUTHORITY"",""0x3e7"",""5"",""Advapi  "",""Negotiate"",""-"",""{00000000-0000-0000-0000-000000000000}"",""-"",""-"",""0"",""0x33c"",""C:\\Windows\\System32\\services.exe"",""-"",""-"",""%%1833"",""-"",""-"",""-"",""%%1843"",""0x0"",""%%1842""]",2022-07-23 23:06:02 +0530,2022-07-23 23:06:02 +0530,SuccessAudit,Infrastructure,1.27.2,|544156790|544157489|,|employee-dashboard|employee-service|,8,,MzQwNjg4NXxJTkZSQXxOQXwzNTQzMTU2MjYyMzc3MjI4ODY2,MzQwNjg4NXxJTkZSQXxOQXwzNTQzMTU2MjYyMzc3MjI4ODY2,,winlog,SANU-PC,running,SANU-PC,HP HP Laptop 15-da1xxx,,windows_security,"An account was successfully logged on.

Subject:
	Security ID:		S-1-5-18
	Account Name:		SANU-PC$
	Account Domain:		WORKGROUP
	Logon ID:		0x3e7

Logon Information:
	Logon Type:		5
	Restricted Admin Mode:	-
	Virtual Account:		%%1843
	Elevated Token:		%%1842

Impersonation Level:		%%1833

New Logon:
	Security ID:		S-1-5-18
	Account Name:		SYSTEM
	Account Domain:		NT AUTHORITY
	Logon ID:		0x3e7
	Linked Logon ID:		0x0
	Network Account Name:	-
	Network Account Domain:	-
	Logon GUID:		{00000000-0000-0000-0000-000000000000}

Process Information:
	Process ID:		0x33c
	Process Name:		C:\Windows\System32\services.exe

Network Information:
	Workstation Name:	-
	Source Network Address:	-
	Source Port:		-

Detailed Authentication Information:
	Logon Process:		Advapi  
	Authentication Package:	Negotiate
	Transited Services:	-
	Package Name (NTLM only):	-
	Key Length:		0

This event is generated when a logon session is created. It is generated on the computer that was accessed.

The subject fields indicate the account on the local system which requested the logon. This is most commonly a service such as the Server service, or a local process such as Winlogon.exe or Services.exe.

The logon type field indicates the kind of logon that occurred. The most common types are 2 (interactive) and 3 (network).

The New Logon fields indicate the account for whom the new logon was created, i.e. the account that was logged on.

The network fields indicate where a remote logon request originated. Workstation name is not always available and may be left blank in some cases.

The impersonation level field indicates the extent to which a process in the logon session can impersonate.

The authentication information fields provide detailed information about this specific logon request.
	- Logon GUID is a unique identifier that can be used to correlate this event with a KDC event.
	- Transited services indicate which intermediate services have participated in this logon request.
	- Package name indicates which sub-protocol was used among the NTLM protocols.
	- Key length indicates the length of the generated session key. This will be 0 if no session key was requested.
",e61df9ef-9577-4b21-bf58-c4fe30c9993f,"An account was successfully logged on.

Subject:
	Security ID:		S-<DATETIME>
	Account Name:		SANU-PC$
	Account Domain:		WORKGROUP
	Logon ID:	<HEX>

Logon Information:
	Logon Type:		5
	Restricted Admin Mode:	-
	Virtual Account:		%%1843
	Elevated Token:		%%1842

Impersonation Level:		%%1833

New Logon:
	Security ID:		S-<DATETIME>
	Account Name:		SYSTEM
	Account Domain:		NT AUTHORITY
	Logon ID:	<HEX>
	Linked Logon ID:	<HEX>
	Network Account Name:	-
	Network Account Domain:	-
	Logon GUID:		{<UUID>}

Process Information:
	Process ID:	<HEX>
	Process Name:		C:\Windows\System32\services.exe

Network Information:
	Workstation Name:	-
	Source Network Address:	-
	Source Port:		-

Detailed Authentication Information:
	Logon Process:		Advapi  
	Authentication Package:	Negotiate
	Transited Services:	-
	Package Name (NTLM only):	-
	Key Length:		0

This event is generated when a logon session is created. It is generated on the computer that was accessed.

The subject fields indicate the account on the local system which requested the logon. This is most commonly a service such as the Server service, or a local process such as Winlogon.exe or Services.exe.

The logon type field indicates the kind of logon that occurred. The most common types are 2 (interactive) and 3 (network).

The New Logon fields indicate the account for whom the new logon was created, i.e. the account that was logged on.

The network fields indicate where a remote logon request originated. Workstation name is not always available and may be left blank in some cases.

The impersonation level field indicates the extent to which a process in the logon session can impersonate.

The authentication information fields provide detailed information about this specific logon request.
	- Logon GUID is a unique identifier that can be used to correlate this event with a KDC event.
	- Transited services indicate which intermediate services have participated in this logon request.
	- Package name indicates which sub-protocol was used among the NTLM protocols.
	- Key length indicates the length of the generated session key. This will be 0 if no session key was requested.
",1,api.logs,windows,BARE-METAL,fluent-bit,1.9.2,1,,8470712320,,Standalone Workstation,Microsoft Windows 11 Home Single Language,10.0.22000 Build 22000
2022-07-23 17:36:02,Security,SANU-PC,"",12544,4624,0,99009,"",Microsoft-Windows-Security-Auditing,"[""S-1-5-18"",""SANU-PC$"",""WORKGROUP"",""0x3e7"",""S-1-5-18"",""SYSTEM"",""NT AUTHORITY"",""0x3e7"",""5"",""Advapi  "",""Negotiate"",""-"",""{00000000-0000-0000-0000-000000000000}"",""-"",""-"",""0"",""0x33c"",""C:\\Windows\\System32\\services.exe"",""-"",""-"",""%%1833"",""-"",""-"",""-"",""%%1843"",""0x0"",""%%1842""]",2022-07-23 23:06:01 +0530,2022-07-23 23:06:01 +0530,SuccessAudit,Infrastructure,1.27.2,|544156790|544157489|,|employee-dashboard|employee-service|,8,,MzQwNjg4NXxJTkZSQXxOQXwzNTQzMTU2MjYyMzc3MjI4ODY2,MzQwNjg4NXxJTkZSQXxOQXwzNTQzMTU2MjYyMzc3MjI4ODY2,,winlog,SANU-PC,running,SANU-PC,HP HP Laptop 15-da1xxx,,windows_security,"An account was successfully logged on.

Subject:
	Security ID:		S-1-5-18
	Account Name:		SANU-PC$
	Account Domain:		WORKGROUP
	Logon ID:		0x3e7

Logon Information:
	Logon Type:		5
	Restricted Admin Mode:	-
	Virtual Account:		%%1843
	Elevated Token:		%%1842

Impersonation Level:		%%1833

New Logon:
	Security ID:		S-1-5-18
	Account Name:		SYSTEM
	Account Domain:		NT AUTHORITY
	Logon ID:		0x3e7
	Linked Logon ID:		0x0
	Network Account Name:	-
	Network Account Domain:	-
	Logon GUID:		{00000000-0000-0000-0000-000000000000}

Process Information:
	Process ID:		0x33c
	Process Name:		C:\Windows\System32\services.exe

Network Information:
	Workstation Name:	-
	Source Network Address:	-
	Source Port:		-

Detailed Authentication Information:
	Logon Process:		Advapi  
	Authentication Package:	Negotiate
	Transited Services:	-
	Package Name (NTLM only):	-
	Key Length:		0

This event is generated when a logon session is created. It is generated on the computer that was accessed.

The subject fields indicate the account on the local system which requested the logon. This is most commonly a service such as the Server service, or a local process such as Winlogon.exe or Services.exe.

The logon type field indicates the kind of logon that occurred. The most common types are 2 (interactive) and 3 (network).

The New Logon fields indicate the account for whom the new logon was created, i.e. the account that was logged on.

The network fields indicate where a remote logon request originated. Workstation name is not always available and may be left blank in some cases.

The impersonation level field indicates the extent to which a process in the logon session can impersonate.

The authentication information fields provide detailed information about this specific logon request.
	- Logon GUID is a unique identifier that can be used to correlate this event with a KDC event.
	- Transited services indicate which intermediate services have participated in this logon request.
	- Package name indicates which sub-protocol was used among the NTLM protocols.
	- Key length indicates the length of the generated session key. This will be 0 if no session key was requested.
",555710a7-33f6-4834-a769-c1ff485a7d49,"An account was successfully logged on.

Subject:
	Security ID:		S-<DATETIME>
	Account Name:		SANU-PC$
	Account Domain:		WORKGROUP
	Logon ID:	<HEX>

Logon Information:
	Logon Type:		5
	Restricted Admin Mode:	-
	Virtual Account:		%%1843
	Elevated Token:		%%1842

Impersonation Level:		%%1833

New Logon:
	Security ID:		S-<DATETIME>
	Account Name:		SYSTEM
	Account Domain:		NT AUTHORITY
	Logon ID:	<HEX>
	Linked Logon ID:	<HEX>
	Network Account Name:	-
	Network Account Domain:	-
	Logon GUID:		{<UUID>}

Process Information:
	Process ID:	<HEX>
	Process Name:		C:\Windows\System32\services.exe

Network Information:
	Workstation Name:	-
	Source Network Address:	-
	Source Port:		-

Detailed Authentication Information:
	Logon Process:		Advapi  
	Authentication Package:	Negotiate
	Transited Services:	-
	Package Name (NTLM only):	-
	Key Length:		0

This event is generated when a logon session is created. It is generated on the computer that was accessed.

The subject fields indicate the account on the local system which requested the logon. This is most commonly a service such as the Server service, or a local process such as Winlogon.exe or Services.exe.

The logon type field indicates the kind of logon that occurred. The most common types are 2 (interactive) and 3 (network).

The New Logon fields indicate the account for whom the new logon was created, i.e. the account that was logged on.

The network fields indicate where a remote logon request originated. Workstation name is not always available and may be left blank in some cases.

The impersonation level field indicates the extent to which a process in the logon session can impersonate.

The authentication information fields provide detailed information about this specific logon request.
	- Logon GUID is a unique identifier that can be used to correlate this event with a KDC event.
	- Transited services indicate which intermediate services have participated in this logon request.
	- Package name indicates which sub-protocol was used among the NTLM protocols.
	- Key length indicates the length of the generated session key. This will be 0 if no session key was requested.
",1,api.logs,windows,BARE-METAL,fluent-bit,1.9.2,1,,8470712320,,Standalone Workstation,Microsoft Windows 11 Home Single Language,10.0.22000 Build 22000
2022-07-23 17:36:02,Application,SANU-PC,"",0,16394,49152,4835,"",Software Protection Platform Service,[],2022-07-23 23:06:00 +0530,2022-07-23 23:06:00 +0530,Information,Infrastructure,1.27.2,|544156790|544157489|,|employee-dashboard|employee-service|,8,,MzQwNjg4NXxJTkZSQXxOQXwzNTQzMTU2MjYyMzc3MjI4ODY2,MzQwNjg4NXxJTkZSQXxOQXwzNTQzMTU2MjYyMzc3MjI4ODY2,,winlog,SANU-PC,running,SANU-PC,HP HP Laptop 15-da1xxx,,windows_application,"Offline downlevel migration succeeded.
",6a69f818-252e-493a-931d-9994a473ea9b,"Offline downlevel migration succeeded.
",1,api.logs,windows,BARE-METAL,fluent-bit,1.9.2,1,,8470712320,,Standalone Workstation,Microsoft Windows 11 Home Single Language,10.0.22000 Build 22000
2022-07-23 17:35:59,Security,SANU-PC,"",12544,4624,0,99007,"",Microsoft-Windows-Security-Auditing,"[""S-1-5-18"",""SANU-PC$"",""WORKGROUP"",""0x3e7"",""S-1-5-18"",""SYSTEM"",""NT AUTHORITY"",""0x3e7"",""5"",""Advapi  "",""Negotiate"",""-"",""{00000000-0000-0000-0000-000000000000}"",""-"",""-"",""0"",""0x33c"",""C:\\Windows\\System32\\services.exe"",""-"",""-"",""%%1833"",""-"",""-"",""-"",""%%1843"",""0x0"",""%%1842""]",2022-07-23 23:05:58 +0530,2022-07-23 23:05:58 +0530,SuccessAudit,Infrastructure,1.27.2,|544156790|544157489|,|employee-dashboard|employee-service|,8,,MzQwNjg4NXxJTkZSQXxOQXwzNTQzMTU2MjYyMzc3MjI4ODY2,MzQwNjg4NXxJTkZSQXxOQXwzNTQzMTU2MjYyMzc3MjI4ODY2,,winlog,SANU-PC,running,SANU-PC,HP HP Laptop 15-da1xxx,,windows_security,"An account was successfully logged on.

Subject:
	Security ID:		S-1-5-18
	Account Name:		SANU-PC$
	Account Domain:		WORKGROUP
	Logon ID:		0x3e7

Logon Information:
	Logon Type:		5
	Restricted Admin Mode:	-
	Virtual Account:		%%1843
	Elevated Token:		%%1842

Impersonation Level:		%%1833

New Logon:
	Security ID:		S-1-5-18
	Account Name:		SYSTEM
	Account Domain:		NT AUTHORITY
	Logon ID:		0x3e7
	Linked Logon ID:		0x0
	Network Account Name:	-
	Network Account Domain:	-
	Logon GUID:		{00000000-0000-0000-0000-000000000000}

Process Information:
	Process ID:		0x33c
	Process Name:		C:\Windows\System32\services.exe

Network Information:
	Workstation Name:	-
	Source Network Address:	-
	Source Port:		-

Detailed Authentication Information:
	Logon Process:		Advapi  
	Authentication Package:	Negotiate
	Transited Services:	-
	Package Name (NTLM only):	-
	Key Length:		0

This event is generated when a logon session is created. It is generated on the computer that was accessed.

The subject fields indicate the account on the local system which requested the logon. This is most commonly a service such as the Server service, or a local process such as Winlogon.exe or Services.exe.

The logon type field indicates the kind of logon that occurred. The most common types are 2 (interactive) and 3 (network).

The New Logon fields indicate the account for whom the new logon was created, i.e. the account that was logged on.

The network fields indicate where a remote logon request originated. Workstation name is not always available and may be left blank in some cases.

The impersonation level field indicates the extent to which a process in the logon session can impersonate.

The authentication information fields provide detailed information about this specific logon request.
	- Logon GUID is a unique identifier that can be used to correlate this event with a KDC event.
	- Transited services indicate which intermediate services have participated in this logon request.
	- Package name indicates which sub-protocol was used among the NTLM protocols.
	- Key length indicates the length of the generated session key. This will be 0 if no session key was requested.
",72c2d945-95e8-46e7-a8ce-2e7711735706,"An account was successfully logged on.

Subject:
	Security ID:		S-<DATETIME>
	Account Name:		SANU-PC$
	Account Domain:		WORKGROUP
	Logon ID:	<HEX>

Logon Information:
	Logon Type:		5
	Restricted Admin Mode:	-
	Virtual Account:		%%1843
	Elevated Token:		%%1842

Impersonation Level:		%%1833

New Logon:
	Security ID:		S-<DATETIME>
	Account Name:		SYSTEM
	Account Domain:		NT AUTHORITY
	Logon ID:	<HEX>
	Linked Logon ID:	<HEX>
	Network Account Name:	-
	Network Account Domain:	-
	Logon GUID:		{<UUID>}

Process Information:
	Process ID:	<HEX>
	Process Name:		C:\Windows\System32\services.exe

Network Information:
	Workstation Name:	-
	Source Network Address:	-
	Source Port:		-

Detailed Authentication Information:
	Logon Process:		Advapi  
	Authentication Package:	Negotiate
	Transited Services:	-
	Package Name (NTLM only):	-
	Key Length:		0

This event is generated when a logon session is created. It is generated on the computer that was accessed.

The subject fields indicate the account on the local system which requested the logon. This is most commonly a service such as the Server service, or a local process such as Winlogon.exe or Services.exe.

The logon type field indicates the kind of logon that occurred. The most common types are 2 (interactive) and 3 (network).

The New Logon fields indicate the account for whom the new logon was created, i.e. the account that was logged on.

The network fields indicate where a remote logon request originated. Workstation name is not always available and may be left blank in some cases.

The impersonation level field indicates the extent to which a process in the logon session can impersonate.

The authentication information fields provide detailed information about this specific logon request.
	- Logon GUID is a unique identifier that can be used to correlate this event with a KDC event.
	- Transited services indicate which intermediate services have participated in this logon request.
	- Package name indicates which sub-protocol was used among the NTLM protocols.
	- Key length indicates the length of the generated session key. This will be 0 if no session key was requested.
",1,api.logs,windows,BARE-METAL,fluent-bit,1.9.2,1,,8470712320,,Standalone Workstation,Microsoft Windows 11 Home Single Language,10.0.22000 Build 22000
2022-07-23 17:31:00,Security,SANU-PC,"",12544,4624,0,98985,"",Microsoft-Windows-Security-Auditing,"[""S-1-5-18"",""SANU-PC$"",""WORKGROUP"",""0x3e7"",""S-1-5-18"",""SYSTEM"",""NT AUTHORITY"",""0x3e7"",""5"",""Advapi  "",""Negotiate"",""-"",""{00000000-0000-0000-0000-000000000000}"",""-"",""-"",""0"",""0x33c"",""C:\\Windows\\System32\\services.exe"",""-"",""-"",""%%1833"",""-"",""-"",""-"",""%%1843"",""0x0"",""%%1842""]",2022-07-23 23:01:00 +0530,2022-07-23 23:01:00 +0530,SuccessAudit,Infrastructure,1.27.2,|544156790|544157489|,|employee-dashboard|employee-service|,8,,MzQwNjg4NXxJTkZSQXxOQXwzNTQzMTU2MjYyMzc3MjI4ODY2,MzQwNjg4NXxJTkZSQXxOQXwzNTQzMTU2MjYyMzc3MjI4ODY2,,winlog,SANU-PC,running,SANU-PC,HP HP Laptop 15-da1xxx,,windows_security,"An account was successfully logged on.

Subject:
	Security ID:		S-1-5-18
	Account Name:		SANU-PC$
	Account Domain:		WORKGROUP
	Logon ID:		0x3e7

Logon Information:
	Logon Type:		5
	Restricted Admin Mode:	-
	Virtual Account:		%%1843
	Elevated Token:		%%1842

Impersonation Level:		%%1833

New Logon:
	Security ID:		S-1-5-18
	Account Name:		SYSTEM
	Account Domain:		NT AUTHORITY
	Logon ID:		0x3e7
	Linked Logon ID:		0x0
	Network Account Name:	-
	Network Account Domain:	-
	Logon GUID:		{00000000-0000-0000-0000-000000000000}

Process Information:
	Process ID:		0x33c
	Process Name:		C:\Windows\System32\services.exe

Network Information:
	Workstation Name:	-
	Source Network Address:	-
	Source Port:		-

Detailed Authentication Information:
	Logon Process:		Advapi  
	Authentication Package:	Negotiate
	Transited Services:	-
	Package Name (NTLM only):	-
	Key Length:		0

This event is generated when a logon session is created. It is generated on the computer that was accessed.

The subject fields indicate the account on the local system which requested the logon. This is most commonly a service such as the Server service, or a local process such as Winlogon.exe or Services.exe.

The logon type field indicates the kind of logon that occurred. The most common types are 2 (interactive) and 3 (network).

The New Logon fields indicate the account for whom the new logon was created, i.e. the account that was logged on.

The network fields indicate where a remote logon request originated. Workstation name is not always available and may be left blank in some cases.

The impersonation level field indicates the extent to which a process in the logon session can impersonate.

The authentication information fields provide detailed information about this specific logon request.
	- Logon GUID is a unique identifier that can be used to correlate this event with a KDC event.
	- Transited services indicate which intermediate services have participated in this logon request.
	- Package name indicates which sub-protocol was used among the NTLM protocols.
	- Key length indicates the length of the generated session key. This will be 0 if no session key was requested.
",2ac9e747-afdb-4c28-939d-e5baeaf83a87,"An account was successfully logged on.

Subject:
	Security ID:		S-<DATETIME>
	Account Name:		SANU-PC$
	Account Domain:		WORKGROUP
	Logon ID:	<HEX>

Logon Information:
	Logon Type:		5
	Restricted Admin Mode:	-
	Virtual Account:		%%1843
	Elevated Token:		%%1842

Impersonation Level:		%%1833

New Logon:
	Security ID:		S-<DATETIME>
	Account Name:		SYSTEM
	Account Domain:		NT AUTHORITY
	Logon ID:	<HEX>
	Linked Logon ID:	<HEX>
	Network Account Name:	-
	Network Account Domain:	-
	Logon GUID:		{<UUID>}

Process Information:
	Process ID:	<HEX>
	Process Name:		C:\Windows\System32\services.exe

Network Information:
	Workstation Name:	-
	Source Network Address:	-
	Source Port:		-

Detailed Authentication Information:
	Logon Process:		Advapi  
	Authentication Package:	Negotiate
	Transited Services:	-
	Package Name (NTLM only):	-
	Key Length:		0

This event is generated when a logon session is created. It is generated on the computer that was accessed.

The subject fields indicate the account on the local system which requested the logon. This is most commonly a service such as the Server service, or a local process such as Winlogon.exe or Services.exe.

The logon type field indicates the kind of logon that occurred. The most common types are 2 (interactive) and 3 (network).

The New Logon fields indicate the account for whom the new logon was created, i.e. the account that was logged on.

The network fields indicate where a remote logon request originated. Workstation name is not always available and may be left blank in some cases.

The impersonation level field indicates the extent to which a process in the logon session can impersonate.

The authentication information fields provide detailed information about this specific logon request.
	- Logon GUID is a unique identifier that can be used to correlate this event with a KDC event.
	- Transited services indicate which intermediate services have participated in this logon request.
	- Package name indicates which sub-protocol was used among the NTLM protocols.
	- Key length indicates the length of the generated session key. This will be 0 if no session key was requested.
",2,api.logs,windows,BARE-METAL,fluent-bit,1.9.2,1,,8470712320,,Standalone Workstation,Microsoft Windows 11 Home Single Language,10.0.22000 Build 22000
2022-07-23 17:31:00,Security,SANU-PC,"",12544,4624,0,98983,"",Microsoft-Windows-Security-Auditing,"[""S-1-5-18"",""SANU-PC$"",""WORKGROUP"",""0x3e7"",""S-1-5-18"",""SYSTEM"",""NT AUTHORITY"",""0x3e7"",""5"",""Advapi  "",""Negotiate"",""-"",""{00000000-0000-0000-0000-000000000000}"",""-"",""-"",""0"",""0x33c"",""C:\\Windows\\System32\\services.exe"",""-"",""-"",""%%1833"",""-"",""-"",""-"",""%%1843"",""0x0"",""%%1842""]",2022-07-23 23:00:59 +0530,2022-07-23 23:00:59 +0530,SuccessAudit,Infrastructure,1.27.2,|544156790|544157489|,|employee-dashboard|employee-service|,8,,MzQwNjg4NXxJTkZSQXxOQXwzNTQzMTU2MjYyMzc3MjI4ODY2,MzQwNjg4NXxJTkZSQXxOQXwzNTQzMTU2MjYyMzc3MjI4ODY2,,winlog,SANU-PC,running,SANU-PC,HP HP Laptop 15-da1xxx,,windows_security,"An account was successfully logged on.

Subject:
	Security ID:		S-1-5-18
	Account Name:		SANU-PC$
	Account Domain:		WORKGROUP
	Logon ID:		0x3e7

Logon Information:
	Logon Type:		5
	Restricted Admin Mode:	-
	Virtual Account:		%%1843
	Elevated Token:		%%1842

Impersonation Level:		%%1833

New Logon:
	Security ID:		S-1-5-18
	Account Name:		SYSTEM
	Account Domain:		NT AUTHORITY
	Logon ID:		0x3e7
	Linked Logon ID:		0x0
	Network Account Name:	-
	Network Account Domain:	-
	Logon GUID:		{00000000-0000-0000-0000-000000000000}

Process Information:
	Process ID:		0x33c
	Process Name:		C:\Windows\System32\services.exe

Network Information:
	Workstation Name:	-
	Source Network Address:	-
	Source Port:		-

Detailed Authentication Information:
	Logon Process:		Advapi  
	Authentication Package:	Negotiate
	Transited Services:	-
	Package Name (NTLM only):	-
	Key Length:		0

This event is generated when a logon session is created. It is generated on the computer that was accessed.

The subject fields indicate the account on the local system which requested the logon. This is most commonly a service such as the Server service, or a local process such as Winlogon.exe or Services.exe.

The logon type field indicates the kind of logon that occurred. The most common types are 2 (interactive) and 3 (network).

The New Logon fields indicate the account for whom the new logon was created, i.e. the account that was logged on.

The network fields indicate where a remote logon request originated. Workstation name is not always available and may be left blank in some cases.

The impersonation level field indicates the extent to which a process in the logon session can impersonate.

The authentication information fields provide detailed information about this specific logon request.
	- Logon GUID is a unique identifier that can be used to correlate this event with a KDC event.
	- Transited services indicate which intermediate services have participated in this logon request.
	- Package name indicates which sub-protocol was used among the NTLM protocols.
	- Key length indicates the length of the generated session key. This will be 0 if no session key was requested.
",33fa4b10-92ef-429c-8a05-a81f70a02121,"An account was successfully logged on.

Subject:
	Security ID:		S-<DATETIME>
	Account Name:		SANU-PC$
	Account Domain:		WORKGROUP
	Logon ID:	<HEX>

Logon Information:
	Logon Type:		5
	Restricted Admin Mode:	-
	Virtual Account:		%%1843
	Elevated Token:		%%1842

Impersonation Level:		%%1833

New Logon:
	Security ID:		S-<DATETIME>
	Account Name:		SYSTEM
	Account Domain:		NT AUTHORITY
	Logon ID:	<HEX>
	Linked Logon ID:	<HEX>
	Network Account Name:	-
	Network Account Domain:	-
	Logon GUID:		{<UUID>}

Process Information:
	Process ID:	<HEX>
	Process Name:		C:\Windows\System32\services.exe

Network Information:
	Workstation Name:	-
	Source Network Address:	-
	Source Port:		-

Detailed Authentication Information:
	Logon Process:		Advapi  
	Authentication Package:	Negotiate
	Transited Services:	-
	Package Name (NTLM only):	-
	Key Length:		0

This event is generated when a logon session is created. It is generated on the computer that was accessed.

The subject fields indicate the account on the local system which requested the logon. This is most commonly a service such as the Server service, or a local process such as Winlogon.exe or Services.exe.

The logon type field indicates the kind of logon that occurred. The most common types are 2 (interactive) and 3 (network).

The New Logon fields indicate the account for whom the new logon was created, i.e. the account that was logged on.

The network fields indicate where a remote logon request originated. Workstation name is not always available and may be left blank in some cases.

The impersonation level field indicates the extent to which a process in the logon session can impersonate.

The authentication information fields provide detailed information about this specific logon request.
	- Logon GUID is a unique identifier that can be used to correlate this event with a KDC event.
	- Transited services indicate which intermediate services have participated in this logon request.
	- Package name indicates which sub-protocol was used among the NTLM protocols.
	- Key length indicates the length of the generated session key. This will be 0 if no session key was requested.
",1,api.logs,windows,BARE-METAL,fluent-bit,1.9.2,1,,8470712320,,Standalone Workstation,Microsoft Windows 11 Home Single Language,10.0.22000 Build 22000
