Timestamp,Channel,Computer Name,Data,Event Category,Event ID,Qualifiers,Record Number,Sid,Source Name,String Inserts,Time Generated,Time Written,Win Event Type,Agent Name,Agent Version,Apm Application Ids,Apm Application Names,Core Count,Entity.GUID,Entity.GUID.Infra,Entity.Guids,Entity.Name,Fb.Input,Full Hostname,Host Status,Hostname,Instance Type,Level,Logtype,Message,Message ID,Newrelic.Log Pattern,Newrelic.Logs.Batch Index,Newrelic.Source,Operating System,Plugin.Source,Plugin.Type,Plugin.Version,Processor Count,Span.ID,System Memory Bytes,Trace.ID,Windows Family,Windows Platform,Windows Version
2022-07-23 17:55:15,Security,SANU-PC,"",12544,4624,0,99196,"",Microsoft-Windows-Security-Auditing,"[""S-1-5-18"",""SANU-PC$"",""WORKGROUP"",""0x3e7"",""S-1-5-18"",""SYSTEM"",""NT AUTHORITY"",""0x3e7"",""5"",""Advapi  "",""Negotiate"",""-"",""{00000000-0000-0000-0000-000000000000}"",""-"",""-"",""0"",""0x33c"",""C:\\Windows\\System32\\services.exe"",""-"",""-"",""%%1833"",""-"",""-"",""-"",""%%1843"",""0x0"",""%%1842""]",2022-07-23 23:25:14 +0530,2022-07-23 23:25:14 +0530,SuccessAudit,Infrastructure,1.27.2,|544156790|544157489|,|employee-dashboard|employee-service|,8,,MzQwNjg4NXxJTkZSQXxOQXwzNTQzMTU2MjYyMzc3MjI4ODY2,MzQwNjg4NXxJTkZSQXxOQXwzNTQzMTU2MjYyMzc3MjI4ODY2,,winlog,SANU-PC,running,SANU-PC,HP HP Laptop 15-da1xxx,,windows_security,"An account was successfully logged on.

Subject:
	Security ID:		S-1-5-18
	Account Name:		SANU-PC$
	Account Domain:		WORKGROUP
	Logon ID:		0x3e7

Logon Information:
	Logon Type:		5
	Restricted Admin Mode:	-
	Virtual Account:		%%1843
	Elevated Token:		%%1842

Impersonation Level:		%%1833

New Logon:
	Security ID:		S-1-5-18
	Account Name:		SYSTEM
	Account Domain:		NT AUTHORITY
	Logon ID:		0x3e7
	Linked Logon ID:		0x0
	Network Account Name:	-
	Network Account Domain:	-
	Logon GUID:		{00000000-0000-0000-0000-000000000000}

Process Information:
	Process ID:		0x33c
	Process Name:		C:\Windows\System32\services.exe

Network Information:
	Workstation Name:	-
	Source Network Address:	-
	Source Port:		-

Detailed Authentication Information:
	Logon Process:		Advapi  
	Authentication Package:	Negotiate
	Transited Services:	-
	Package Name (NTLM only):	-
	Key Length:		0

This event is generated when a logon session is created. It is generated on the computer that was accessed.

The subject fields indicate the account on the local system which requested the logon. This is most commonly a service such as the Server service, or a local process such as Winlogon.exe or Services.exe.

The logon type field indicates the kind of logon that occurred. The most common types are 2 (interactive) and 3 (network).

The New Logon fields indicate the account for whom the new logon was created, i.e. the account that was logged on.

The network fields indicate where a remote logon request originated. Workstation name is not always available and may be left blank in some cases.

The impersonation level field indicates the extent to which a process in the logon session can impersonate.

The authentication information fields provide detailed information about this specific logon request.
	- Logon GUID is a unique identifier that can be used to correlate this event with a KDC event.
	- Transited services indicate which intermediate services have participated in this logon request.
	- Package name indicates which sub-protocol was used among the NTLM protocols.
	- Key length indicates the length of the generated session key. This will be 0 if no session key was requested.
",60fd1e6e-f275-4c14-ac0d-decd399535bd,"An account was successfully logged on.

Subject:
	Security ID:		S-<DATETIME>
	Account Name:		SANU-PC$
	Account Domain:		WORKGROUP
	Logon ID:	<HEX>

Logon Information:
	Logon Type:		5
	Restricted Admin Mode:	-
	Virtual Account:		%%1843
	Elevated Token:		%%1842

Impersonation Level:		%%1833

New Logon:
	Security ID:		S-<DATETIME>
	Account Name:		SYSTEM
	Account Domain:		NT AUTHORITY
	Logon ID:	<HEX>
	Linked Logon ID:	<HEX>
	Network Account Name:	-
	Network Account Domain:	-
	Logon GUID:		{<UUID>}

Process Information:
	Process ID:	<HEX>
	Process Name:		C:\Windows\System32\services.exe

Network Information:
	Workstation Name:	-
	Source Network Address:	-
	Source Port:		-

Detailed Authentication Information:
	Logon Process:		Advapi  
	Authentication Package:	Negotiate
	Transited Services:	-
	Package Name (NTLM only):	-
	Key Length:		0

This event is generated when a logon session is created. It is generated on the computer that was accessed.

The subject fields indicate the account on the local system which requested the logon. This is most commonly a service such as the Server service, or a local process such as Winlogon.exe or Services.exe.

The logon type field indicates the kind of logon that occurred. The most common types are 2 (interactive) and 3 (network).

The New Logon fields indicate the account for whom the new logon was created, i.e. the account that was logged on.

The network fields indicate where a remote logon request originated. Workstation name is not always available and may be left blank in some cases.

The impersonation level field indicates the extent to which a process in the logon session can impersonate.

The authentication information fields provide detailed information about this specific logon request.
	- Logon GUID is a unique identifier that can be used to correlate this event with a KDC event.
	- Transited services indicate which intermediate services have participated in this logon request.
	- Package name indicates which sub-protocol was used among the NTLM protocols.
	- Key length indicates the length of the generated session key. This will be 0 if no session key was requested.
",1,api.logs,windows,BARE-METAL,fluent-bit,1.9.2,1,,8470712320,,Standalone Workstation,Microsoft Windows 11 Home Single Language,10.0.22000 Build 22000
2022-07-23 17:50:29,Application,SANU-PC,"",0,16384,16384,4845,"",Software Protection Platform Service,"[""2122-06-29T17:50:29Z"",""RulesEngine""]",2022-07-23 23:20:29 +0530,2022-07-23 23:20:29 +0530,Information,Infrastructure,1.27.2,|544156790|544157489|,|employee-dashboard|employee-service|,8,,MzQwNjg4NXxJTkZSQXxOQXwzNTQzMTU2MjYyMzc3MjI4ODY2,MzQwNjg4NXxJTkZSQXxOQXwzNTQzMTU2MjYyMzc3MjI4ODY2,,winlog,SANU-PC,running,SANU-PC,HP HP Laptop 15-da1xxx,,windows_application,"Successfully scheduled Software Protection service for re-start at 2122-06-29T17:50:29Z. Reason: RulesEngine.
",1e2e56ab-3542-466f-99d5-fbafd667cbb3,"Successfully scheduled Software Protection service for re-start at <DATETIME>. Reason: RulesEngine.
",1,api.logs,windows,BARE-METAL,fluent-bit,1.9.2,1,,8470712320,,Standalone Workstation,Microsoft Windows 11 Home Single Language,10.0.22000 Build 22000
2022-07-23 17:49:58,Application,SANU-PC,"",0,1003,16384,4844,"",Software Protection Platform Service,"[""0ff1ce15-a989-479d-af46-f275c6370663"",""\n1: 480df7d5-b237-45b2-96fb-e4624b12040a, 1, 1 [(0 [0x00000000, 1, 0], [(?)( 1 0x00000000)(?)( 2 0x00000000 3 0 msft:rm/algorithm/hwid/4.0 0x00000000 0)(?)(?)(?)(?)])(1 )(2 )(3 )]\n\n""]",2022-07-23 23:19:58 +0530,2022-07-23 23:19:58 +0530,Information,Infrastructure,1.27.2,|544156790|544157489|,|employee-dashboard|employee-service|,8,,MzQwNjg4NXxJTkZSQXxOQXwzNTQzMTU2MjYyMzc3MjI4ODY2,MzQwNjg4NXxJTkZSQXxOQXwzNTQzMTU2MjYyMzc3MjI4ODY2,,winlog,SANU-PC,running,SANU-PC,HP HP Laptop 15-da1xxx,,windows_application,"The Software Protection service has completed licensing status check.
Application Id=0ff1ce15-a989-479d-af46-f275c6370663
Licensing Status=
1: 480df7d5-b237-45b2-96fb-e4624b12040a, 1, 1 [(0 [0x00000000, 1, 0], [(?)( 1 0x00000000)(?)( 2 0x00000000 3 0 msft:rm/algorithm/hwid/4.0 0x00000000 0)(?)(?)(?)(?)])(1 )(2 )(3 )]


",45baa6bc-0233-4984-acf7-d4df78837114,nr.DID_NOT_MATCH,4,api.logs,windows,BARE-METAL,fluent-bit,1.9.2,1,,8470712320,,Standalone Workstation,Microsoft Windows 11 Home Single Language,10.0.22000 Build 22000
2022-07-23 17:49:58,Application,SANU-PC,"",0,1003,16384,4843,"",Software Protection Platform Service,"[""0ff1ce15-a989-479d-af46-f275c6370663"",""\n1: d7279dd0-e175-49fe-a623-8fc2fc00afc4, 1, 1 [(0 )(1 )(2 )(3 [0x00000000, 0, 0], [( 6 0xC004F009 5 0)( 1 0x00000000)( 6 0xC004F009 5 0)(?)(?)(?)( 10 0x00000000 msft:rm/algorithm/flags/1.0)( 11 0x00000000 0xC004F009)])]\n\n""]",2022-07-23 23:19:58 +0530,2022-07-23 23:19:58 +0530,Information,Infrastructure,1.27.2,|544156790|544157489|,|employee-dashboard|employee-service|,8,,MzQwNjg4NXxJTkZSQXxOQXwzNTQzMTU2MjYyMzc3MjI4ODY2,MzQwNjg4NXxJTkZSQXxOQXwzNTQzMTU2MjYyMzc3MjI4ODY2,,winlog,SANU-PC,running,SANU-PC,HP HP Laptop 15-da1xxx,,windows_application,"The Software Protection service has completed licensing status check.
Application Id=0ff1ce15-a989-479d-af46-f275c6370663
Licensing Status=
1: d7279dd0-e175-49fe-a623-8fc2fc00afc4, 1, 1 [(0 )(1 )(2 )(3 [0x00000000, 0, 0], [( 6 0xC004F009 5 0)( 1 0x00000000)( 6 0xC004F009 5 0)(?)(?)(?)( 10 0x00000000 msft:rm/algorithm/flags/1.0)( 11 0x00000000 0xC004F009)])]


",c9bedd22-cd14-4cc0-8129-9653d8f32198,nr.DID_NOT_MATCH,3,api.logs,windows,BARE-METAL,fluent-bit,1.9.2,1,,8470712320,,Standalone Workstation,Microsoft Windows 11 Home Single Language,10.0.22000 Build 22000
2022-07-23 17:49:58,Application,SANU-PC,"",0,1003,16384,4842,"",Software Protection Platform Service,"[""0ff1ce15-a989-479d-af46-f275c6370663"",""\n1: 480df7d5-b237-45b2-96fb-e4624b12040a, 1, 1 [(0 [0x00000000, 1, 0], [(?)( 1 0x00000000)(?)( 2 0x00000000 3 0 msft:rm/algorithm/hwid/4.0 0x00000000 0)(?)(?)(?)(?)])(1 )(2 )(3 )]\n\n""]",2022-07-23 23:19:58 +0530,2022-07-23 23:19:58 +0530,Information,Infrastructure,1.27.2,|544156790|544157489|,|employee-dashboard|employee-service|,8,,MzQwNjg4NXxJTkZSQXxOQXwzNTQzMTU2MjYyMzc3MjI4ODY2,MzQwNjg4NXxJTkZSQXxOQXwzNTQzMTU2MjYyMzc3MjI4ODY2,,winlog,SANU-PC,running,SANU-PC,HP HP Laptop 15-da1xxx,,windows_application,"The Software Protection service has completed licensing status check.
Application Id=0ff1ce15-a989-479d-af46-f275c6370663
Licensing Status=
1: 480df7d5-b237-45b2-96fb-e4624b12040a, 1, 1 [(0 [0x00000000, 1, 0], [(?)( 1 0x00000000)(?)( 2 0x00000000 3 0 msft:rm/algorithm/hwid/4.0 0x00000000 0)(?)(?)(?)(?)])(1 )(2 )(3 )]


",40bc258c-73a4-411c-aea2-b32dc35c42af,nr.DID_NOT_MATCH,2,api.logs,windows,BARE-METAL,fluent-bit,1.9.2,1,,8470712320,,Standalone Workstation,Microsoft Windows 11 Home Single Language,10.0.22000 Build 22000
2022-07-23 17:49:58,Application,SANU-PC,"",0,1003,16384,4841,"",Software Protection Platform Service,"[""0ff1ce15-a989-479d-af46-f275c6370663"",""\n1: 28f64a3f-cf84-46da-b1e8-2dfa7750e491, 1, 0 [(0 [0xC004F014, 0, 0], [(?)(?)(?)(?)(?)(?)(?)(?)])(1 )(2 )(3 )]\n2: 4539aa2c-5c31-4d47-9139-543a868e5741, 1, 0 [(0 [0xC004F014, 0, 0], [(?)(?)(?)(?)(?)(?)(?)(?)])(1 )(2 )(3 )]\n3: 480df7d5-b237-45b2-96fb-e4624b12040a, 1, 1 [(0 [0x00000000, 1, 0], [(?)( 1 0x00000000)(?)( 2 0x00000000 3 0 msft:rm/algorithm/hwid/4.0 0x00000000 0)(?)(?)(?)(?)])(1 )(2 )(3 )]\n4: 4c1d1588-3088-4796-b3b2-8935f3a0d886, 1, 0 [(0 [0xC004F014, 0, 0], [(?)(?)(?)(?)(?)(?)(?)(?)])(1 )(2 )(3 )]\n5: 4ebc82d3-a2fa-49f3-9159-70e8df6d45d5, 1, 0 [(0 [0xC004F014, 0, 0], [(?)(?)(?)(?)(?)(?)(?)(?)])(1 )(2 )(3 )]\n6: 52287aa3-9945-44d1-9046-7a3373666821, 1, 0 [(0 [0xC004F014, 0, 0], [(?)(?)(?)(?)(?)(?)(?)(?)])(1 )(2 )(3 )]\n7: 537ea5b5-7d50-4876-bd38-a53a77caca32, 1, 0 [(0 [0xC004F014, 0, 0], [(?)(?)(?)(?)(?)(?)(?)(?)])(1 )(2 )(3 )]\n8: 6f04e8c9-ad8a-4147-a647-de0071bc703f, 1, 0 [(0 [0xC004F014, 0, 0], [(?)(?)(?)(?)(?)(?)(?)(?)])(1 )(2 )(3 )]\n9: 77f47589-2212-4e3b-ad27-a900ce813837, 1, 0 [(0 [0xC004F014, 0, 0], [(?)(?)(?)(?)(?)(?)(?)(?)])(1 )(2 )(3 )]\n10: 7ab38a1c-a803-4ca5-8ebb-f8786c4b4faa, 1, 0 [(0 [0xC004F014, 0, 0], [(?)(?)(?)(?)(?)(?)(?)(?)])(1 )(2 )(3 )]\n11: 86af9220-9d6f-4575-bef0-619a9a6aa005, 1, 0 [(0 [0xC004F014, 0, 0], [(?)(?)(?)(?)(?)(?)(?)(?)])(1 )(2 )(3 )]\n12: 951c0fe6-40a8-4400-8003-eec0686ffbc4, 1, 0 [(0 [0xC004F014, 0, 0], [(?)(?)(?)(?)(?)(?)(?)(?)])(1 )(2 )(3 )]\n13: 95820f84-6e8c-4d22-b2ce-54953e9911bc, 1, 0 [(0 [0xC004F014, 0, 0], [(?)(?)(?)(?)(?)(?)(?)(?)])(1 )(2 )(3 )]\n14: 96353198-443e-479d-9e80-9a6d72fd1a99, 1, 0 [(0 [0xC004F014, 0, 0], [(?)(?)(?)(?)(?)(?)(?)(?)])(1 )(2 )(3 )]\n15: a96f8dae-da54-4fad-bdc6-108da592707a, 1, 0 [(0 [0xC004F014, 0, 0], [(?)(?)(?)(?)(?)(?)(?)(?)])(1 )(2 )(3 )]\n16: ae9d158f-9450-4a0c-8c80-dd973c58357c, 1, 0 [(0 [0xC004F014, 0, 0], [(?)(?)(?)(?)(?)(?)(?)(?)])(1 )(2 )(3 )]\n17: b4af11be-5f94-4d8f-9844-ce0d5e0d8680, 1, 0 [(0 [0xC004F014, 0, 0], [(?)(?)(?)(?)(?)(?)(?)(?)])(1 )(2 )(3 )]\n18: b58a5943-16ea-420f-a611-7b230acd762c, 1, 0 [(0 [0xC004F014, 0, 0], [(?)(?)(?)(?)(?)(?)(?)(?)])(1 )(2 )(3 )]\n19: c85fe025-b033-4f41-936b-b121521ba1c1, 1, 0 [(0 [0xC004F014, 0, 0], [(?)(?)(?)(?)(?)(?)(?)(?)])(1 )(2 )(3 )]\n20: d7279dd0-e175-49fe-a623-8fc2fc00afc4, 1, 1 [(0 )(1 )(2 )(3 [0x00000000, 0, 0], [( 6 0xC004F009 5 0)( 1 0x00000000)( 6 0xC004F009 5 0)(?)(?)(?)( 10 0x00000000 msft:rm/algorithm/flags/1.0)( 11 0x00000000 0xC004F009)])]\n21: fafaaabc-4bc0-4efe-a9fc-b8aa32d0e101, 1, 0 [(0 [0xC004F014, 0, 0], [(?)(?)(?)(?)(?)(?)(?)(?)])(1 )(2 )(3 )]\n22: fb3540bc-a824-4c79-83da-6f6bd3ac6ccb, 1, 0 [(0 [0xC004F014, 0, 0], [(?)(?)(?)(?)(?)(?)(?)(?)])(1 )(2 )(3 )]\n\n""]",2022-07-23 23:19:58 +0530,2022-07-23 23:19:58 +0530,Information,Infrastructure,1.27.2,|544156790|544157489|,|employee-dashboard|employee-service|,8,,MzQwNjg4NXxJTkZSQXxOQXwzNTQzMTU2MjYyMzc3MjI4ODY2,MzQwNjg4NXxJTkZSQXxOQXwzNTQzMTU2MjYyMzc3MjI4ODY2,,winlog,SANU-PC,running,SANU-PC,HP HP Laptop 15-da1xxx,,windows_application,"The Software Protection service has completed licensing status check.
Application Id=0ff1ce15-a989-479d-af46-f275c6370663
Licensing Status=
1: 28f64a3f-cf84-46da-b1e8-2dfa7750e491, 1, 0 [(0 [0xC004F014, 0, 0], [(?)(?)(?)(?)(?)(?)(?)(?)])(1 )(2 )(3 )]
2: 4539aa2c-5c31-4d47-9139-543a868e5741, 1, 0 [(0 [0xC004F014, 0, 0], [(?)(?)(?)(?)(?)(?)(?)(?)])(1 )(2 )(3 )]
3: 480df7d5-b237-45b2-96fb-e4624b12040a, 1, 1 [(0 [0x00000000, 1, 0], [(?)( 1 0x00000000)(?)( 2 0x00000000 3 0 msft:rm/algorithm/hwid/4.0 0x00000000 0)(?)(?)(?)(?)])(1 )(2 )(3 )]
4: 4c1d1588-3088-4796-b3b2-8935f3a0d886, 1, 0 [(0 [0xC004F014, 0, 0], [(?)(?)(?)(?)(?)(?)(?)(?)])(1 )(2 )(3 )]
5: 4ebc82d3-a2fa-49f3-9159-70e8df6d45d5, 1, 0 [(0 [0xC004F014, 0, 0], [(?)(?)(?)(?)(?)(?)(?)(?)])(1 )(2 )(3 )]
6: 52287aa3-9945-44d1-9046-7a3373666821, 1, 0 [(0 [0xC004F014, 0, 0], [(?)(?)(?)(?)(?)(?)(?)(?)])(1 )(2 )(3 )]
7: 537ea5b5-7d50-4876-bd38-a53a77caca32, 1, 0 [(0 [0xC004F014, 0, 0], [(?)(?)(?)(?)(?)(?)(?)(?)])(1 )(2 )(3 )]
8: 6f04e8c9-ad8a-4147-a647-de0071bc703f, 1, 0 [(0 [0xC004F014, 0, 0], [(?)(?)(?)(?)(?)(?)(?)(?)])(1 )(2 )(3 )]
9: 77f47589-2212-4e3b-ad27-a900ce813837, 1, 0 [(0 [0xC004F014, 0, 0], [(?)(?)(?)(?)(?)(?)(?)(?)])(1 )(2 )(3 )]
10: 7ab38a1c-a803-4ca5-8ebb-f8786c4b4faa, 1, 0 [(0 [0xC004F014, 0, 0], [(?)(?)(?)(?)(?)(?)(?)(?)])(1 )(2 )(3 )]
11: 86af9220-9d6f-4575-bef0-619a9a6aa005, 1, 0 [(0 [0xC004F014, 0, 0], [(?)(?)(?)(?)(?)(?)(?)(?)])(1 )(2 )(3 )]
12: 951c0fe6-40a8-4400-8003-eec0686ffbc4, 1, 0 [(0 [0xC004F014, 0, 0], [(?)(?)(?)(?)(?)(?)(?)(?)])(1 )(2 )(3 )]
13: 95820f84-6e8c-4d22-b2ce-54953e9911bc, 1, 0 [(0 [0xC004F014, 0, 0], [(?)(?)(?)(?)(?)(?)(?)(?)])(1 )(2 )(3 )]
14: 96353198-443e-479d-9e80-9a6d72fd1a99, 1, 0 [(0 [0xC004F014, 0, 0], [(?)(?)(?)(?)(?)(?)(?)(?)])(1 )(2 )(3 )]
15: a96f8dae-da54-4fad-bdc6-108da592707a, 1, 0 [(0 [0xC004F014, 0, 0], [(?)(?)(?)(?)(?)(?)(?)(?)])(1 )(2 )(3 )]
16: ae9d158f-9450-4a0c-8c80-dd973c58357c, 1, 0 [(0 [0xC004F014, 0, 0], [(?)(?)(?)(?)(?)(?)(?)(?)])(1 )(2 )(3 )]
17: b4af11be-5f94-4d8f-9844-ce0d5e0d8680, 1, 0 [(0 [0xC004F014, 0, 0], [(?)(?)(?)(?)(?)(?)(?)(?)])(1 )(2 )(3 )]
18: b58a5943-16ea-420f-a611-7b230acd762c, 1, 0 [(0 [0xC004F014, 0, 0], [(?)(?)(?)(?)(?)(?)(?)(?)])(1 )(2 )(3 )]
19: c85fe025-b033-4f41-936b-b121521ba1c1, 1, 0 [(0 [0xC004F014, 0, 0], [(?)(?)(?)(?)(?)(?)(?)(?)])(1 )(2 )(3 )]
20: d7279dd0-e175-49fe-a623-8fc2fc00afc4, 1, 1 [(0 )(1 )(2 )(3 [0x00000000, 0, 0], [( 6 0xC004F009 5 0)( 1 0x00000000)( 6 0xC004F009 5 0)(?)(?)(?)( 10 0x00000000 msft:rm/algorithm/flags/1.0)( 11 0x00000000 0xC004F009)])]
21: fafaaabc-4bc0-4efe-a9fc-b8aa32d0e101, 1, 0 [(0 [0xC004F014, 0, 0], [(?)(?)(?)(?)(?)(?)(?)(?)])(1 )(2 )(3 )]
22: fb3540bc-a824-4c79-83da-6f6bd3ac6ccb, 1, 0 [(0 [0xC004F014, 0, 0], [(?)(?)(?)(?)(?)(?)(?)(?)])(1 )(2 )(3 )]


",a57564f1-fe9a-4467-9ca7-6985cef8e720,nr.DID_NOT_MATCH,1,api.logs,windows,BARE-METAL,fluent-bit,1.9.2,1,,8470712320,,Standalone Workstation,Microsoft Windows 11 Home Single Language,10.0.22000 Build 22000
2022-07-23 17:49:57,Application,SANU-PC,"",0,16394,49152,4840,"",Software Protection Platform Service,[],2022-07-23 23:19:57 +0530,2022-07-23 23:19:57 +0530,Information,Infrastructure,1.27.2,|544156790|544157489|,|employee-dashboard|employee-service|,8,,MzQwNjg4NXxJTkZSQXxOQXwzNTQzMTU2MjYyMzc3MjI4ODY2,MzQwNjg4NXxJTkZSQXxOQXwzNTQzMTU2MjYyMzc3MjI4ODY2,,winlog,SANU-PC,running,SANU-PC,HP HP Laptop 15-da1xxx,,windows_application,"Offline downlevel migration succeeded.
",c98463a2-0354-4952-8c38-91d02ee54ba6,"Offline downlevel migration succeeded.
",1,api.logs,windows,BARE-METAL,fluent-bit,1.9.2,1,,8470712320,,Standalone Workstation,Microsoft Windows 11 Home Single Language,10.0.22000 Build 22000
2022-07-23 17:49:52,Security,SANU-PC,"",12544,4624,0,99103,"",Microsoft-Windows-Security-Auditing,"[""S-1-5-18"",""SANU-PC$"",""WORKGROUP"",""0x3e7"",""S-1-5-18"",""SYSTEM"",""NT AUTHORITY"",""0x3e7"",""5"",""Advapi  "",""Negotiate"",""-"",""{00000000-0000-0000-0000-000000000000}"",""-"",""-"",""0"",""0x33c"",""C:\\Windows\\System32\\services.exe"",""-"",""-"",""%%1833"",""-"",""-"",""-"",""%%1843"",""0x0"",""%%1842""]",2022-07-23 23:19:50 +0530,2022-07-23 23:19:50 +0530,SuccessAudit,Infrastructure,1.27.2,|544156790|544157489|,|employee-dashboard|employee-service|,8,,MzQwNjg4NXxJTkZSQXxOQXwzNTQzMTU2MjYyMzc3MjI4ODY2,MzQwNjg4NXxJTkZSQXxOQXwzNTQzMTU2MjYyMzc3MjI4ODY2,,winlog,SANU-PC,running,SANU-PC,HP HP Laptop 15-da1xxx,,windows_security,"An account was successfully logged on.

Subject:
	Security ID:		S-1-5-18
	Account Name:		SANU-PC$
	Account Domain:		WORKGROUP
	Logon ID:		0x3e7

Logon Information:
	Logon Type:		5
	Restricted Admin Mode:	-
	Virtual Account:		%%1843
	Elevated Token:		%%1842

Impersonation Level:		%%1833

New Logon:
	Security ID:		S-1-5-18
	Account Name:		SYSTEM
	Account Domain:		NT AUTHORITY
	Logon ID:		0x3e7
	Linked Logon ID:		0x0
	Network Account Name:	-
	Network Account Domain:	-
	Logon GUID:		{00000000-0000-0000-0000-000000000000}

Process Information:
	Process ID:		0x33c
	Process Name:		C:\Windows\System32\services.exe

Network Information:
	Workstation Name:	-
	Source Network Address:	-
	Source Port:		-

Detailed Authentication Information:
	Logon Process:		Advapi  
	Authentication Package:	Negotiate
	Transited Services:	-
	Package Name (NTLM only):	-
	Key Length:		0

This event is generated when a logon session is created. It is generated on the computer that was accessed.

The subject fields indicate the account on the local system which requested the logon. This is most commonly a service such as the Server service, or a local process such as Winlogon.exe or Services.exe.

The logon type field indicates the kind of logon that occurred. The most common types are 2 (interactive) and 3 (network).

The New Logon fields indicate the account for whom the new logon was created, i.e. the account that was logged on.

The network fields indicate where a remote logon request originated. Workstation name is not always available and may be left blank in some cases.

The impersonation level field indicates the extent to which a process in the logon session can impersonate.

The authentication information fields provide detailed information about this specific logon request.
	- Logon GUID is a unique identifier that can be used to correlate this event with a KDC event.
	- Transited services indicate which intermediate services have participated in this logon request.
	- Package name indicates which sub-protocol was used among the NTLM protocols.
	- Key length indicates the length of the generated session key. This will be 0 if no session key was requested.
",4d458bef-fc81-42a4-be97-386f46333b79,"An account was successfully logged on.

Subject:
	Security ID:		S-<DATETIME>
	Account Name:		SANU-PC$
	Account Domain:		WORKGROUP
	Logon ID:	<HEX>

Logon Information:
	Logon Type:		5
	Restricted Admin Mode:	-
	Virtual Account:		%%1843
	Elevated Token:		%%1842

Impersonation Level:		%%1833

New Logon:
	Security ID:		S-<DATETIME>
	Account Name:		SYSTEM
	Account Domain:		NT AUTHORITY
	Logon ID:	<HEX>
	Linked Logon ID:	<HEX>
	Network Account Name:	-
	Network Account Domain:	-
	Logon GUID:		{<UUID>}

Process Information:
	Process ID:	<HEX>
	Process Name:		C:\Windows\System32\services.exe

Network Information:
	Workstation Name:	-
	Source Network Address:	-
	Source Port:		-

Detailed Authentication Information:
	Logon Process:		Advapi  
	Authentication Package:	Negotiate
	Transited Services:	-
	Package Name (NTLM only):	-
	Key Length:		0

This event is generated when a logon session is created. It is generated on the computer that was accessed.

The subject fields indicate the account on the local system which requested the logon. This is most commonly a service such as the Server service, or a local process such as Winlogon.exe or Services.exe.

The logon type field indicates the kind of logon that occurred. The most common types are 2 (interactive) and 3 (network).

The New Logon fields indicate the account for whom the new logon was created, i.e. the account that was logged on.

The network fields indicate where a remote logon request originated. Workstation name is not always available and may be left blank in some cases.

The impersonation level field indicates the extent to which a process in the logon session can impersonate.

The authentication information fields provide detailed information about this specific logon request.
	- Logon GUID is a unique identifier that can be used to correlate this event with a KDC event.
	- Transited services indicate which intermediate services have participated in this logon request.
	- Package name indicates which sub-protocol was used among the NTLM protocols.
	- Key length indicates the length of the generated session key. This will be 0 if no session key was requested.
",1,api.logs,windows,BARE-METAL,fluent-bit,1.9.2,1,,8470712320,,Standalone Workstation,Microsoft Windows 11 Home Single Language,10.0.22000 Build 22000
2022-07-23 17:49:51,Application,SANU-PC,"",0,300,0,4839,"",Microsoft Office 16 Alerts,"[""Compositor Type: 0"",""EXCEL""]",2022-07-23 23:19:50 +0530,2022-07-23 23:19:50 +0530,Information,Infrastructure,1.27.2,|544156790|544157489|,|employee-dashboard|employee-service|,8,,MzQwNjg4NXxJTkZSQXxOQXwzNTQzMTU2MjYyMzc3MjI4ODY2,MzQwNjg4NXxJTkZSQXxOQXwzNTQzMTU2MjYyMzc3MjI4ODY2,,winlog,SANU-PC,running,SANU-PC,HP HP Laptop 15-da1xxx,,windows_application,"",b0562e36-e59e-4ea3-9f42-ab51aff8d4ab,nr.DID_NOT_MATCH,1,api.logs,windows,BARE-METAL,fluent-bit,1.9.2,1,,8470712320,,Standalone Workstation,Microsoft Windows 11 Home Single Language,10.0.22000 Build 22000
2022-07-23 17:47:09,Security,SANU-PC,"",12544,4624,0,99092,"",Microsoft-Windows-Security-Auditing,"[""S-1-5-18"",""SANU-PC$"",""WORKGROUP"",""0x3e7"",""S-1-5-18"",""SYSTEM"",""NT AUTHORITY"",""0x3e7"",""5"",""Advapi  "",""Negotiate"",""-"",""{00000000-0000-0000-0000-000000000000}"",""-"",""-"",""0"",""0x33c"",""C:\\Windows\\System32\\services.exe"",""-"",""-"",""%%1833"",""-"",""-"",""-"",""%%1843"",""0x0"",""%%1842""]",2022-07-23 23:17:09 +0530,2022-07-23 23:17:09 +0530,SuccessAudit,Infrastructure,1.27.2,|544156790|544157489|,|employee-dashboard|employee-service|,8,,MzQwNjg4NXxJTkZSQXxOQXwzNTQzMTU2MjYyMzc3MjI4ODY2,MzQwNjg4NXxJTkZSQXxOQXwzNTQzMTU2MjYyMzc3MjI4ODY2,,winlog,SANU-PC,running,SANU-PC,HP HP Laptop 15-da1xxx,,windows_security,"An account was successfully logged on.

Subject:
	Security ID:		S-1-5-18
	Account Name:		SANU-PC$
	Account Domain:		WORKGROUP
	Logon ID:		0x3e7

Logon Information:
	Logon Type:		5
	Restricted Admin Mode:	-
	Virtual Account:		%%1843
	Elevated Token:		%%1842

Impersonation Level:		%%1833

New Logon:
	Security ID:		S-1-5-18
	Account Name:		SYSTEM
	Account Domain:		NT AUTHORITY
	Logon ID:		0x3e7
	Linked Logon ID:		0x0
	Network Account Name:	-
	Network Account Domain:	-
	Logon GUID:		{00000000-0000-0000-0000-000000000000}

Process Information:
	Process ID:		0x33c
	Process Name:		C:\Windows\System32\services.exe

Network Information:
	Workstation Name:	-
	Source Network Address:	-
	Source Port:		-

Detailed Authentication Information:
	Logon Process:		Advapi  
	Authentication Package:	Negotiate
	Transited Services:	-
	Package Name (NTLM only):	-
	Key Length:		0

This event is generated when a logon session is created. It is generated on the computer that was accessed.

The subject fields indicate the account on the local system which requested the logon. This is most commonly a service such as the Server service, or a local process such as Winlogon.exe or Services.exe.

The logon type field indicates the kind of logon that occurred. The most common types are 2 (interactive) and 3 (network).

The New Logon fields indicate the account for whom the new logon was created, i.e. the account that was logged on.

The network fields indicate where a remote logon request originated. Workstation name is not always available and may be left blank in some cases.

The impersonation level field indicates the extent to which a process in the logon session can impersonate.

The authentication information fields provide detailed information about this specific logon request.
	- Logon GUID is a unique identifier that can be used to correlate this event with a KDC event.
	- Transited services indicate which intermediate services have participated in this logon request.
	- Package name indicates which sub-protocol was used among the NTLM protocols.
	- Key length indicates the length of the generated session key. This will be 0 if no session key was requested.
",618ef473-e5bb-4336-8d03-3bbed75a670f,"An account was successfully logged on.

Subject:
	Security ID:		S-<DATETIME>
	Account Name:		SANU-PC$
	Account Domain:		WORKGROUP
	Logon ID:	<HEX>

Logon Information:
	Logon Type:		5
	Restricted Admin Mode:	-
	Virtual Account:		%%1843
	Elevated Token:		%%1842

Impersonation Level:		%%1833

New Logon:
	Security ID:		S-<DATETIME>
	Account Name:		SYSTEM
	Account Domain:		NT AUTHORITY
	Logon ID:	<HEX>
	Linked Logon ID:	<HEX>
	Network Account Name:	-
	Network Account Domain:	-
	Logon GUID:		{<UUID>}

Process Information:
	Process ID:	<HEX>
	Process Name:		C:\Windows\System32\services.exe

Network Information:
	Workstation Name:	-
	Source Network Address:	-
	Source Port:		-

Detailed Authentication Information:
	Logon Process:		Advapi  
	Authentication Package:	Negotiate
	Transited Services:	-
	Package Name (NTLM only):	-
	Key Length:		0

This event is generated when a logon session is created. It is generated on the computer that was accessed.

The subject fields indicate the account on the local system which requested the logon. This is most commonly a service such as the Server service, or a local process such as Winlogon.exe or Services.exe.

The logon type field indicates the kind of logon that occurred. The most common types are 2 (interactive) and 3 (network).

The New Logon fields indicate the account for whom the new logon was created, i.e. the account that was logged on.

The network fields indicate where a remote logon request originated. Workstation name is not always available and may be left blank in some cases.

The impersonation level field indicates the extent to which a process in the logon session can impersonate.

The authentication information fields provide detailed information about this specific logon request.
	- Logon GUID is a unique identifier that can be used to correlate this event with a KDC event.
	- Transited services indicate which intermediate services have participated in this logon request.
	- Package name indicates which sub-protocol was used among the NTLM protocols.
	- Key length indicates the length of the generated session key. This will be 0 if no session key was requested.
",2,api.logs,windows,BARE-METAL,fluent-bit,1.9.2,1,,8470712320,,Standalone Workstation,Microsoft Windows 11 Home Single Language,10.0.22000 Build 22000
2022-07-23 17:47:09,Security,SANU-PC,"",12544,4624,0,99090,"",Microsoft-Windows-Security-Auditing,"[""S-1-5-18"",""SANU-PC$"",""WORKGROUP"",""0x3e7"",""S-1-5-18"",""SYSTEM"",""NT AUTHORITY"",""0x3e7"",""5"",""Advapi  "",""Negotiate"",""-"",""{00000000-0000-0000-0000-000000000000}"",""-"",""-"",""0"",""0x33c"",""C:\\Windows\\System32\\services.exe"",""-"",""-"",""%%1833"",""-"",""-"",""-"",""%%1843"",""0x0"",""%%1842""]",2022-07-23 23:17:08 +0530,2022-07-23 23:17:08 +0530,SuccessAudit,Infrastructure,1.27.2,|544156790|544157489|,|employee-dashboard|employee-service|,8,,MzQwNjg4NXxJTkZSQXxOQXwzNTQzMTU2MjYyMzc3MjI4ODY2,MzQwNjg4NXxJTkZSQXxOQXwzNTQzMTU2MjYyMzc3MjI4ODY2,,winlog,SANU-PC,running,SANU-PC,HP HP Laptop 15-da1xxx,,windows_security,"An account was successfully logged on.

Subject:
	Security ID:		S-1-5-18
	Account Name:		SANU-PC$
	Account Domain:		WORKGROUP
	Logon ID:		0x3e7

Logon Information:
	Logon Type:		5
	Restricted Admin Mode:	-
	Virtual Account:		%%1843
	Elevated Token:		%%1842

Impersonation Level:		%%1833

New Logon:
	Security ID:		S-1-5-18
	Account Name:		SYSTEM
	Account Domain:		NT AUTHORITY
	Logon ID:		0x3e7
	Linked Logon ID:		0x0
	Network Account Name:	-
	Network Account Domain:	-
	Logon GUID:		{00000000-0000-0000-0000-000000000000}

Process Information:
	Process ID:		0x33c
	Process Name:		C:\Windows\System32\services.exe

Network Information:
	Workstation Name:	-
	Source Network Address:	-
	Source Port:		-

Detailed Authentication Information:
	Logon Process:		Advapi  
	Authentication Package:	Negotiate
	Transited Services:	-
	Package Name (NTLM only):	-
	Key Length:		0

This event is generated when a logon session is created. It is generated on the computer that was accessed.

The subject fields indicate the account on the local system which requested the logon. This is most commonly a service such as the Server service, or a local process such as Winlogon.exe or Services.exe.

The logon type field indicates the kind of logon that occurred. The most common types are 2 (interactive) and 3 (network).

The New Logon fields indicate the account for whom the new logon was created, i.e. the account that was logged on.

The network fields indicate where a remote logon request originated. Workstation name is not always available and may be left blank in some cases.

The impersonation level field indicates the extent to which a process in the logon session can impersonate.

The authentication information fields provide detailed information about this specific logon request.
	- Logon GUID is a unique identifier that can be used to correlate this event with a KDC event.
	- Transited services indicate which intermediate services have participated in this logon request.
	- Package name indicates which sub-protocol was used among the NTLM protocols.
	- Key length indicates the length of the generated session key. This will be 0 if no session key was requested.
",0ce6f9b2-2f91-4041-88ff-592ef153cb3a,"An account was successfully logged on.

Subject:
	Security ID:		S-<DATETIME>
	Account Name:		SANU-PC$
	Account Domain:		WORKGROUP
	Logon ID:	<HEX>

Logon Information:
	Logon Type:		5
	Restricted Admin Mode:	-
	Virtual Account:		%%1843
	Elevated Token:		%%1842

Impersonation Level:		%%1833

New Logon:
	Security ID:		S-<DATETIME>
	Account Name:		SYSTEM
	Account Domain:		NT AUTHORITY
	Logon ID:	<HEX>
	Linked Logon ID:	<HEX>
	Network Account Name:	-
	Network Account Domain:	-
	Logon GUID:		{<UUID>}

Process Information:
	Process ID:	<HEX>
	Process Name:		C:\Windows\System32\services.exe

Network Information:
	Workstation Name:	-
	Source Network Address:	-
	Source Port:		-

Detailed Authentication Information:
	Logon Process:		Advapi  
	Authentication Package:	Negotiate
	Transited Services:	-
	Package Name (NTLM only):	-
	Key Length:		0

This event is generated when a logon session is created. It is generated on the computer that was accessed.

The subject fields indicate the account on the local system which requested the logon. This is most commonly a service such as the Server service, or a local process such as Winlogon.exe or Services.exe.

The logon type field indicates the kind of logon that occurred. The most common types are 2 (interactive) and 3 (network).

The New Logon fields indicate the account for whom the new logon was created, i.e. the account that was logged on.

The network fields indicate where a remote logon request originated. Workstation name is not always available and may be left blank in some cases.

The impersonation level field indicates the extent to which a process in the logon session can impersonate.

The authentication information fields provide detailed information about this specific logon request.
	- Logon GUID is a unique identifier that can be used to correlate this event with a KDC event.
	- Transited services indicate which intermediate services have participated in this logon request.
	- Package name indicates which sub-protocol was used among the NTLM protocols.
	- Key length indicates the length of the generated session key. This will be 0 if no session key was requested.
",1,api.logs,windows,BARE-METAL,fluent-bit,1.9.2,1,,8470712320,,Standalone Workstation,Microsoft Windows 11 Home Single Language,10.0.22000 Build 22000
2022-07-23 17:45:07,Security,SANU-PC,"",12544,4624,0,99076,"",Microsoft-Windows-Security-Auditing,"[""S-1-5-18"",""SANU-PC$"",""WORKGROUP"",""0x3e7"",""S-1-5-18"",""SYSTEM"",""NT AUTHORITY"",""0x3e7"",""5"",""Advapi  "",""Negotiate"",""-"",""{00000000-0000-0000-0000-000000000000}"",""-"",""-"",""0"",""0x33c"",""C:\\Windows\\System32\\services.exe"",""-"",""-"",""%%1833"",""-"",""-"",""-"",""%%1843"",""0x0"",""%%1842""]",2022-07-23 23:15:06 +0530,2022-07-23 23:15:06 +0530,SuccessAudit,Infrastructure,1.27.2,|544156790|544157489|,|employee-dashboard|employee-service|,8,,MzQwNjg4NXxJTkZSQXxOQXwzNTQzMTU2MjYyMzc3MjI4ODY2,MzQwNjg4NXxJTkZSQXxOQXwzNTQzMTU2MjYyMzc3MjI4ODY2,,winlog,SANU-PC,running,SANU-PC,HP HP Laptop 15-da1xxx,,windows_security,"An account was successfully logged on.

Subject:
	Security ID:		S-1-5-18
	Account Name:		SANU-PC$
	Account Domain:		WORKGROUP
	Logon ID:		0x3e7

Logon Information:
	Logon Type:		5
	Restricted Admin Mode:	-
	Virtual Account:		%%1843
	Elevated Token:		%%1842

Impersonation Level:		%%1833

New Logon:
	Security ID:		S-1-5-18
	Account Name:		SYSTEM
	Account Domain:		NT AUTHORITY
	Logon ID:		0x3e7
	Linked Logon ID:		0x0
	Network Account Name:	-
	Network Account Domain:	-
	Logon GUID:		{00000000-0000-0000-0000-000000000000}

Process Information:
	Process ID:		0x33c
	Process Name:		C:\Windows\System32\services.exe

Network Information:
	Workstation Name:	-
	Source Network Address:	-
	Source Port:		-

Detailed Authentication Information:
	Logon Process:		Advapi  
	Authentication Package:	Negotiate
	Transited Services:	-
	Package Name (NTLM only):	-
	Key Length:		0

This event is generated when a logon session is created. It is generated on the computer that was accessed.

The subject fields indicate the account on the local system which requested the logon. This is most commonly a service such as the Server service, or a local process such as Winlogon.exe or Services.exe.

The logon type field indicates the kind of logon that occurred. The most common types are 2 (interactive) and 3 (network).

The New Logon fields indicate the account for whom the new logon was created, i.e. the account that was logged on.

The network fields indicate where a remote logon request originated. Workstation name is not always available and may be left blank in some cases.

The impersonation level field indicates the extent to which a process in the logon session can impersonate.

The authentication information fields provide detailed information about this specific logon request.
	- Logon GUID is a unique identifier that can be used to correlate this event with a KDC event.
	- Transited services indicate which intermediate services have participated in this logon request.
	- Package name indicates which sub-protocol was used among the NTLM protocols.
	- Key length indicates the length of the generated session key. This will be 0 if no session key was requested.
",bb079abd-45cf-40f7-b415-3703cba52f6f,"An account was successfully logged on.

Subject:
	Security ID:		S-<DATETIME>
	Account Name:		SANU-PC$
	Account Domain:		WORKGROUP
	Logon ID:	<HEX>

Logon Information:
	Logon Type:		5
	Restricted Admin Mode:	-
	Virtual Account:		%%1843
	Elevated Token:		%%1842

Impersonation Level:		%%1833

New Logon:
	Security ID:		S-<DATETIME>
	Account Name:		SYSTEM
	Account Domain:		NT AUTHORITY
	Logon ID:	<HEX>
	Linked Logon ID:	<HEX>
	Network Account Name:	-
	Network Account Domain:	-
	Logon GUID:		{<UUID>}

Process Information:
	Process ID:	<HEX>
	Process Name:		C:\Windows\System32\services.exe

Network Information:
	Workstation Name:	-
	Source Network Address:	-
	Source Port:		-

Detailed Authentication Information:
	Logon Process:		Advapi  
	Authentication Package:	Negotiate
	Transited Services:	-
	Package Name (NTLM only):	-
	Key Length:		0

This event is generated when a logon session is created. It is generated on the computer that was accessed.

The subject fields indicate the account on the local system which requested the logon. This is most commonly a service such as the Server service, or a local process such as Winlogon.exe or Services.exe.

The logon type field indicates the kind of logon that occurred. The most common types are 2 (interactive) and 3 (network).

The New Logon fields indicate the account for whom the new logon was created, i.e. the account that was logged on.

The network fields indicate where a remote logon request originated. Workstation name is not always available and may be left blank in some cases.

The impersonation level field indicates the extent to which a process in the logon session can impersonate.

The authentication information fields provide detailed information about this specific logon request.
	- Logon GUID is a unique identifier that can be used to correlate this event with a KDC event.
	- Transited services indicate which intermediate services have participated in this logon request.
	- Package name indicates which sub-protocol was used among the NTLM protocols.
	- Key length indicates the length of the generated session key. This will be 0 if no session key was requested.
",1,api.logs,windows,BARE-METAL,fluent-bit,1.9.2,1,,8470712320,,Standalone Workstation,Microsoft Windows 11 Home Single Language,10.0.22000 Build 22000
2022-07-23 17:45:03,Security,SANU-PC,"",12544,4624,0,99073,"",Microsoft-Windows-Security-Auditing,"[""S-1-5-18"",""SANU-PC$"",""WORKGROUP"",""0x3e7"",""S-1-5-18"",""SYSTEM"",""NT AUTHORITY"",""0x3e7"",""5"",""Advapi  "",""Negotiate"",""-"",""{00000000-0000-0000-0000-000000000000}"",""-"",""-"",""0"",""0x33c"",""C:\\Windows\\System32\\services.exe"",""-"",""-"",""%%1833"",""-"",""-"",""-"",""%%1843"",""0x0"",""%%1842""]",2022-07-23 23:15:01 +0530,2022-07-23 23:15:01 +0530,SuccessAudit,Infrastructure,1.27.2,|544156790|544157489|,|employee-dashboard|employee-service|,8,,MzQwNjg4NXxJTkZSQXxOQXwzNTQzMTU2MjYyMzc3MjI4ODY2,MzQwNjg4NXxJTkZSQXxOQXwzNTQzMTU2MjYyMzc3MjI4ODY2,,winlog,SANU-PC,running,SANU-PC,HP HP Laptop 15-da1xxx,,windows_security,"An account was successfully logged on.

Subject:
	Security ID:		S-1-5-18
	Account Name:		SANU-PC$
	Account Domain:		WORKGROUP
	Logon ID:		0x3e7

Logon Information:
	Logon Type:		5
	Restricted Admin Mode:	-
	Virtual Account:		%%1843
	Elevated Token:		%%1842

Impersonation Level:		%%1833

New Logon:
	Security ID:		S-1-5-18
	Account Name:		SYSTEM
	Account Domain:		NT AUTHORITY
	Logon ID:		0x3e7
	Linked Logon ID:		0x0
	Network Account Name:	-
	Network Account Domain:	-
	Logon GUID:		{00000000-0000-0000-0000-000000000000}

Process Information:
	Process ID:		0x33c
	Process Name:		C:\Windows\System32\services.exe

Network Information:
	Workstation Name:	-
	Source Network Address:	-
	Source Port:		-

Detailed Authentication Information:
	Logon Process:		Advapi  
	Authentication Package:	Negotiate
	Transited Services:	-
	Package Name (NTLM only):	-
	Key Length:		0

This event is generated when a logon session is created. It is generated on the computer that was accessed.

The subject fields indicate the account on the local system which requested the logon. This is most commonly a service such as the Server service, or a local process such as Winlogon.exe or Services.exe.

The logon type field indicates the kind of logon that occurred. The most common types are 2 (interactive) and 3 (network).

The New Logon fields indicate the account for whom the new logon was created, i.e. the account that was logged on.

The network fields indicate where a remote logon request originated. Workstation name is not always available and may be left blank in some cases.

The impersonation level field indicates the extent to which a process in the logon session can impersonate.

The authentication information fields provide detailed information about this specific logon request.
	- Logon GUID is a unique identifier that can be used to correlate this event with a KDC event.
	- Transited services indicate which intermediate services have participated in this logon request.
	- Package name indicates which sub-protocol was used among the NTLM protocols.
	- Key length indicates the length of the generated session key. This will be 0 if no session key was requested.
",d88cae5a-9ae7-451c-b474-099ddae528d6,"An account was successfully logged on.

Subject:
	Security ID:		S-<DATETIME>
	Account Name:		SANU-PC$
	Account Domain:		WORKGROUP
	Logon ID:	<HEX>

Logon Information:
	Logon Type:		5
	Restricted Admin Mode:	-
	Virtual Account:		%%1843
	Elevated Token:		%%1842

Impersonation Level:		%%1833

New Logon:
	Security ID:		S-<DATETIME>
	Account Name:		SYSTEM
	Account Domain:		NT AUTHORITY
	Logon ID:	<HEX>
	Linked Logon ID:	<HEX>
	Network Account Name:	-
	Network Account Domain:	-
	Logon GUID:		{<UUID>}

Process Information:
	Process ID:	<HEX>
	Process Name:		C:\Windows\System32\services.exe

Network Information:
	Workstation Name:	-
	Source Network Address:	-
	Source Port:		-

Detailed Authentication Information:
	Logon Process:		Advapi  
	Authentication Package:	Negotiate
	Transited Services:	-
	Package Name (NTLM only):	-
	Key Length:		0

This event is generated when a logon session is created. It is generated on the computer that was accessed.

The subject fields indicate the account on the local system which requested the logon. This is most commonly a service such as the Server service, or a local process such as Winlogon.exe or Services.exe.

The logon type field indicates the kind of logon that occurred. The most common types are 2 (interactive) and 3 (network).

The New Logon fields indicate the account for whom the new logon was created, i.e. the account that was logged on.

The network fields indicate where a remote logon request originated. Workstation name is not always available and may be left blank in some cases.

The impersonation level field indicates the extent to which a process in the logon session can impersonate.

The authentication information fields provide detailed information about this specific logon request.
	- Logon GUID is a unique identifier that can be used to correlate this event with a KDC event.
	- Transited services indicate which intermediate services have participated in this logon request.
	- Package name indicates which sub-protocol was used among the NTLM protocols.
	- Key length indicates the length of the generated session key. This will be 0 if no session key was requested.
",1,api.logs,windows,BARE-METAL,fluent-bit,1.9.2,1,,8470712320,,Standalone Workstation,Microsoft Windows 11 Home Single Language,10.0.22000 Build 22000
