2022-07-23 15:53:23,Security,SANU-PC,"",12544,4648,0,98529,"",Microsoft-Windows-Security-Auditing,"[""S-1-5-18"",""SANU-PC$"",""WORKGROUP"",""0x3e7"",""{00000000-0000-0000-0000-000000000000}"",""SANU"",""SANU-PC"",""{00000000-0000-0000-0000-000000000000}"",""localhost"",""localhost"",""0xa80"",""C:\\Windows\\System32\\svchost.exe"",""127.0.0.1"",""0""]",2022-07-23 21:23:22 +0530,2022-07-23 21:23:22 +0530,SuccessAudit,Infrastructure,1.27.2,|544156790|544157489|,|employee-dashboard|employee-service|,8,,MzQwNjg4NXxJTkZSQXxOQXwzNTQzMTU2MjYyMzc3MjI4ODY2,MzQwNjg4NXxJTkZSQXxOQXwzNTQzMTU2MjYyMzc3MjI4ODY2,,winlog,SANU-PC,running,SANU-PC,HP HP Laptop 15-da1xxx,,windows_security,"A logon was attempted using explicit credentials.

Subject:
	Security ID:		S-1-5-18
	Account Name:		SANU-PC$
	Account Domain:		WORKGROUP
	Logon ID:		0x3e7
	Logon GUID:		{00000000-0000-0000-0000-000000000000}

Account Whose Credentials Were Used:
	Account Name:		SANU
	Account Domain:		SANU-PC
	Logon GUID:		{00000000-0000-0000-0000-000000000000}

Target Server:
	Target Server Name:	localhost
	Additional Information:	localhost

Process Information:
	Process ID:		0xa80
	Process Name:		C:\Windows\System32\svchost.exe

Network Information:
	Network Address:	127.0.0.1
	Port:			0

This event is generated when a process attempts to log on an account by explicitly specifying that accounts credentials.  This most commonly occurs in batch-type configurations such as scheduled tasks, or when using the RUNAS command.
",e9acdb31-5f9f-43a6-a1bf-d6ed4f530965,nr.DID_NOT_MATCH,1,api.logs,windows,BARE-METAL,fluent-bit,1.9.2,1,,8470712320,,Standalone Workstation,Microsoft Windows 11 Home Single Language,10.0.22000 Build 22000
2022-07-23 15:53:23,Application,SANU-PC,"",1,0,0,4816,"",SynTPEnhService,"[""SynTPEnhService"",""Session Changed User unlock""]",2022-07-23 21:23:22 +0530,2022-07-23 21:23:22 +0530,Information,Infrastructure,1.27.2,|544156790|544157489|,|employee-dashboard|employee-service|,8,,MzQwNjg4NXxJTkZSQXxOQXwzNTQzMTU2MjYyMzc3MjI4ODY2,MzQwNjg4NXxJTkZSQXxOQXwzNTQzMTU2MjYyMzc3MjI4ODY2,,winlog,SANU-PC,running,SANU-PC,HP HP Laptop 15-da1xxx,,windows_application,"",0274cec6-0573-4ba0-bda5-50b2ce1b5777,nr.DID_NOT_MATCH,1,api.logs,windows,BARE-METAL,fluent-bit,1.9.2,1,,8470712320,,Standalone Workstation,Microsoft Windows 11 Home Single Language,10.0.22000 Build 22000
2022-07-23 15:53:11,Application,SANU-PC,"",0,0,0,4815,"",igccservice,"[""PowerEvent handled successfully by the service.""]",2022-07-23 21:23:10 +0530,2022-07-23 21:23:10 +0530,Information,Infrastructure,1.27.2,|544156790|544157489|,|employee-dashboard|employee-service|,8,,MzQwNjg4NXxJTkZSQXxOQXwzNTQzMTU2MjYyMzc3MjI4ODY2,MzQwNjg4NXxJTkZSQXxOQXwzNTQzMTU2MjYyMzc3MjI4ODY2,,winlog,SANU-PC,running,SANU-PC,HP HP Laptop 15-da1xxx,,windows_application,"PowerEvent handled successfully by the service.
",09f323a9-3829-495e-b52a-19fb7bc64dbb,"PowerEvent handled successfully by the service.
",1,api.logs,windows,BARE-METAL,fluent-bit,1.9.2,1,,8470712320,,Standalone Workstation,Microsoft Windows 11 Home Single Language,10.0.22000 Build 22000
2022-07-23 15:53:10,Application,SANU-PC,"",0,0,0,4814,"",igccservice,"[""PowerEvent handled successfully by the service.""]",2022-07-23 21:23:09 +0530,2022-07-23 21:23:09 +0530,Information,Infrastructure,1.27.2,|544156790|544157489|,|employee-dashboard|employee-service|,8,,MzQwNjg4NXxJTkZSQXxOQXwzNTQzMTU2MjYyMzc3MjI4ODY2,MzQwNjg4NXxJTkZSQXxOQXwzNTQzMTU2MjYyMzc3MjI4ODY2,,winlog,SANU-PC,running,SANU-PC,HP HP Laptop 15-da1xxx,,windows_application,"PowerEvent handled successfully by the service.
",06229681-d0f7-4cae-95d9-c41c4c4e90ab,"PowerEvent handled successfully by the service.
",1,api.logs,windows,BARE-METAL,fluent-bit,1.9.2,1,,8470712320,,Standalone Workstation,Microsoft Windows 11 Home Single Language,10.0.22000 Build 22000
2022-07-23 15:53:06,Security,SANU-PC,"",12544,4624,0,98512,"",Microsoft-Windows-Security-Auditing,"[""S-1-5-18"",""SANU-PC$"",""WORKGROUP"",""0x3e7"",""S-1-5-18"",""SYSTEM"",""NT AUTHORITY"",""0x3e7"",""5"",""Advapi  "",""Negotiate"",""-"",""{00000000-0000-0000-0000-000000000000}"",""-"",""-"",""0"",""0x33c"",""C:\\Windows\\System32\\services.exe"",""-"",""-"",""%%1833"",""-"",""-"",""-"",""%%1843"",""0x0"",""%%1842""]",2022-07-23 21:23:04 +0530,2022-07-23 21:23:04 +0530,SuccessAudit,Infrastructure,1.27.2,|544156790|544157489|,|employee-dashboard|employee-service|,8,,MzQwNjg4NXxJTkZSQXxOQXwzNTQzMTU2MjYyMzc3MjI4ODY2,MzQwNjg4NXxJTkZSQXxOQXwzNTQzMTU2MjYyMzc3MjI4ODY2,,winlog,SANU-PC,running,SANU-PC,HP HP Laptop 15-da1xxx,,windows_security,"An account was successfully logged on.

Subject:
	Security ID:		S-1-5-18
	Account Name:		SANU-PC$
	Account Domain:		WORKGROUP
	Logon ID:		0x3e7

Logon Information:
	Logon Type:		5
	Restricted Admin Mode:	-
	Virtual Account:		%%1843
	Elevated Token:		%%1842

Impersonation Level:		%%1833

New Logon:
	Security ID:		S-1-5-18
	Account Name:		SYSTEM
	Account Domain:		NT AUTHORITY
	Logon ID:		0x3e7
	Linked Logon ID:		0x0
	Network Account Name:	-
	Network Account Domain:	-
	Logon GUID:		{00000000-0000-0000-0000-000000000000}

Process Information:
	Process ID:		0x33c
	Process Name:		C:\Windows\System32\services.exe

Network Information:
	Workstation Name:	-
	Source Network Address:	-
	Source Port:		-

Detailed Authentication Information:
	Logon Process:		Advapi  
	Authentication Package:	Negotiate
	Transited Services:	-
	Package Name (NTLM only):	-
	Key Length:		0

This event is generated when a logon session is created. It is generated on the computer that was accessed.

The subject fields indicate the account on the local system which requested the logon. This is most commonly a service such as the Server service, or a local process such as Winlogon.exe or Services.exe.

The logon type field indicates the kind of logon that occurred. The most common types are 2 (interactive) and 3 (network).

The New Logon fields indicate the account for whom the new logon was created, i.e. the account that was logged on.

The network fields indicate where a remote logon request originated. Workstation name is not always available and may be left blank in some cases.

The impersonation level field indicates the extent to which a process in the logon session can impersonate.

The authentication information fields provide detailed information about this specific logon request.
	- Logon GUID is a unique identifier that can be used to correlate this event with a KDC event.
	- Transited services indicate which intermediate services have participated in this logon request.
	- Package name indicates which sub-protocol was used among the NTLM protocols.
	- Key length indicates the length of the generated session key. This will be 0 if no session key was requested.
",f05a206c-99a6-4d9c-9631-bbfad0991d4f,"An account was successfully logged on.

Subject:
	Security ID:		S-<DATETIME>
	Account Name:		SANU-PC$
	Account Domain:		WORKGROUP
	Logon ID:	<HEX>

Logon Information:
	Logon Type:		5
	Restricted Admin Mode:	-
	Virtual Account:		%%1843
	Elevated Token:		%%1842

Impersonation Level:		%%1833

New Logon:
	Security ID:		S-<DATETIME>
	Account Name:		SYSTEM
	Account Domain:		NT AUTHORITY
	Logon ID:	<HEX>
	Linked Logon ID:	<HEX>
	Network Account Name:	-
	Network Account Domain:	-
	Logon GUID:		{<UUID>}

Process Information:
	Process ID:	<HEX>
	Process Name:		C:\Windows\System32\services.exe

Network Information:
	Workstation Name:	-
	Source Network Address:	-
	Source Port:		-

Detailed Authentication Information:
	Logon Process:		Advapi  
	Authentication Package:	Negotiate
	Transited Services:	-
	Package Name (NTLM only):	-
	Key Length:		0

This event is generated when a logon session is created. It is generated on the computer that was accessed.

The subject fields indicate the account on the local system which requested the logon. This is most commonly a service such as the Server service, or a local process such as Winlogon.exe or Services.exe.

The logon type field indicates the kind of logon that occurred. The most common types are 2 (interactive) and 3 (network).

The New Logon fields indicate the account for whom the new logon was created, i.e. the account that was logged on.

The network fields indicate where a remote logon request originated. Workstation name is not always available and may be left blank in some cases.

The impersonation level field indicates the extent to which a process in the logon session can impersonate.

The authentication information fields provide detailed information about this specific logon request.
	- Logon GUID is a unique identifier that can be used to correlate this event with a KDC event.
	- Transited services indicate which intermediate services have participated in this logon request.
	- Package name indicates which sub-protocol was used among the NTLM protocols.
	- Key length indicates the length of the generated session key. This will be 0 if no session key was requested.
",1,api.logs,windows,BARE-METAL,fluent-bit,1.9.2,1,,8470712320,,Standalone Workstation,Microsoft Windows 11 Home Single Language,10.0.22000 Build 22000
2022-07-23 15:52:55,Security,SANU-PC,"",12544,4624,0,98496,"",Microsoft-Windows-Security-Auditing,"[""S-1-5-18"",""SANU-PC$"",""WORKGROUP"",""0x3e7"",""S-1-5-18"",""SYSTEM"",""NT AUTHORITY"",""0x3e7"",""5"",""Advapi  "",""Negotiate"",""-"",""{00000000-0000-0000-0000-000000000000}"",""-"",""-"",""0"",""0x33c"",""C:\\Windows\\System32\\services.exe"",""-"",""-"",""%%1833"",""-"",""-"",""-"",""%%1843"",""0x0"",""%%1842""]",2022-07-23 21:22:54 +0530,2022-07-23 21:22:54 +0530,SuccessAudit,Infrastructure,1.27.2,|544156790|544157489|,|employee-dashboard|employee-service|,8,,MzQwNjg4NXxJTkZSQXxOQXwzNTQzMTU2MjYyMzc3MjI4ODY2,MzQwNjg4NXxJTkZSQXxOQXwzNTQzMTU2MjYyMzc3MjI4ODY2,,winlog,SANU-PC,running,SANU-PC,HP HP Laptop 15-da1xxx,,windows_security,"An account was successfully logged on.

Subject:
	Security ID:		S-1-5-18
	Account Name:		SANU-PC$
	Account Domain:		WORKGROUP
	Logon ID:		0x3e7

Logon Information:
	Logon Type:		5
	Restricted Admin Mode:	-
	Virtual Account:		%%1843
	Elevated Token:		%%1842

Impersonation Level:		%%1833

New Logon:
	Security ID:		S-1-5-18
	Account Name:		SYSTEM
	Account Domain:		NT AUTHORITY
	Logon ID:		0x3e7
	Linked Logon ID:		0x0
	Network Account Name:	-
	Network Account Domain:	-
	Logon GUID:		{00000000-0000-0000-0000-000000000000}

Process Information:
	Process ID:		0x33c
	Process Name:		C:\Windows\System32\services.exe

Network Information:
	Workstation Name:	-
	Source Network Address:	-
	Source Port:		-

Detailed Authentication Information:
	Logon Process:		Advapi  
	Authentication Package:	Negotiate
	Transited Services:	-
	Package Name (NTLM only):	-
	Key Length:		0

This event is generated when a logon session is created. It is generated on the computer that was accessed.

The subject fields indicate the account on the local system which requested the logon. This is most commonly a service such as the Server service, or a local process such as Winlogon.exe or Services.exe.

The logon type field indicates the kind of logon that occurred. The most common types are 2 (interactive) and 3 (network).

The New Logon fields indicate the account for whom the new logon was created, i.e. the account that was logged on.

The network fields indicate where a remote logon request originated. Workstation name is not always available and may be left blank in some cases.

The impersonation level field indicates the extent to which a process in the logon session can impersonate.

The authentication information fields provide detailed information about this specific logon request.
	- Logon GUID is a unique identifier that can be used to correlate this event with a KDC event.
	- Transited services indicate which intermediate services have participated in this logon request.
	- Package name indicates which sub-protocol was used among the NTLM protocols.
	- Key length indicates the length of the generated session key. This will be 0 if no session key was requested.
",1e08ba5f-244a-43d3-9647-236aae3271dc,"An account was successfully logged on.

Subject:
	Security ID:		S-<DATETIME>
	Account Name:		SANU-PC$
	Account Domain:		WORKGROUP
	Logon ID:	<HEX>

Logon Information:
	Logon Type:		5
	Restricted Admin Mode:	-
	Virtual Account:		%%1843
	Elevated Token:		%%1842

Impersonation Level:		%%1833

New Logon:
	Security ID:		S-<DATETIME>
	Account Name:		SYSTEM
	Account Domain:		NT AUTHORITY
	Logon ID:	<HEX>
	Linked Logon ID:	<HEX>
	Network Account Name:	-
	Network Account Domain:	-
	Logon GUID:		{<UUID>}

Process Information:
	Process ID:	<HEX>
	Process Name:		C:\Windows\System32\services.exe

Network Information:
	Workstation Name:	-
	Source Network Address:	-
	Source Port:		-

Detailed Authentication Information:
	Logon Process:		Advapi  
	Authentication Package:	Negotiate
	Transited Services:	-
	Package Name (NTLM only):	-
	Key Length:		0

This event is generated when a logon session is created. It is generated on the computer that was accessed.

The subject fields indicate the account on the local system which requested the logon. This is most commonly a service such as the Server service, or a local process such as Winlogon.exe or Services.exe.

The logon type field indicates the kind of logon that occurred. The most common types are 2 (interactive) and 3 (network).

The New Logon fields indicate the account for whom the new logon was created, i.e. the account that was logged on.

The network fields indicate where a remote logon request originated. Workstation name is not always available and may be left blank in some cases.

The impersonation level field indicates the extent to which a process in the logon session can impersonate.

The authentication information fields provide detailed information about this specific logon request.
	- Logon GUID is a unique identifier that can be used to correlate this event with a KDC event.
	- Transited services indicate which intermediate services have participated in this logon request.
	- Package name indicates which sub-protocol was used among the NTLM protocols.
	- Key length indicates the length of the generated session key. This will be 0 if no session key was requested.
",1,api.logs,windows,BARE-METAL,fluent-bit,1.9.2,1,,8470712320,,Standalone Workstation,Microsoft Windows 11 Home Single Language,10.0.22000 Build 22000
2022-07-23 14:54:51,Application,SANU-PC,"",0,0,0,4813,"",igccservice,"[""PowerEvent handled successfully by the service.""]",2022-07-23 20:24:51 +0530,2022-07-23 20:24:51 +0530,Information,Infrastructure,1.27.2,|544156790|544157489|,|employee-dashboard|employee-service|,8,,MzQwNjg4NXxJTkZSQXxOQXwzNTQzMTU2MjYyMzc3MjI4ODY2,MzQwNjg4NXxJTkZSQXxOQXwzNTQzMTU2MjYyMzc3MjI4ODY2,,winlog,SANU-PC,running,SANU-PC,HP HP Laptop 15-da1xxx,,windows_application,"PowerEvent handled successfully by the service.
",ffc0a50e-c3d1-4e28-a8c3-e3e852b32eae,"PowerEvent handled successfully by the service.
",1,api.logs,windows,BARE-METAL,fluent-bit,1.9.2,1,,8470712320,,Standalone Workstation,Microsoft Windows 11 Home Single Language,10.0.22000 Build 22000
2022-07-23 14:54:45,Application,SANU-PC,"",1,0,0,4812,"",SynTPEnhService,"[""SynTPEnhService"",""Session Changed User lock""]",2022-07-23 20:24:45 +0530,2022-07-23 20:24:45 +0530,Information,Infrastructure,1.27.2,|544156790|544157489|,|employee-dashboard|employee-service|,8,,MzQwNjg4NXxJTkZSQXxOQXwzNTQzMTU2MjYyMzc3MjI4ODY2,MzQwNjg4NXxJTkZSQXxOQXwzNTQzMTU2MjYyMzc3MjI4ODY2,,winlog,SANU-PC,running,SANU-PC,HP HP Laptop 15-da1xxx,,windows_application,"",dfafd185-d303-49ff-8c8c-5791f59a433d,nr.DID_NOT_MATCH,1,api.logs,windows,BARE-METAL,fluent-bit,1.9.2,1,,8470712320,,Standalone Workstation,Microsoft Windows 11 Home Single Language,10.0.22000 Build 22000
2022-07-23 14:53:29,Security,SANU-PC,"",12544,4624,0,98453,"",Microsoft-Windows-Security-Auditing,"[""S-1-5-18"",""SANU-PC$"",""WORKGROUP"",""0x3e7"",""S-1-5-18"",""SYSTEM"",""NT AUTHORITY"",""0x3e7"",""5"",""Advapi  "",""Negotiate"",""-"",""{00000000-0000-0000-0000-000000000000}"",""-"",""-"",""0"",""0x33c"",""C:\\Windows\\System32\\services.exe"",""-"",""-"",""%%1833"",""-"",""-"",""-"",""%%1843"",""0x0"",""%%1842""]",2022-07-23 20:23:28 +0530,2022-07-23 20:23:28 +0530,SuccessAudit,Infrastructure,1.27.2,|544156790|544157489|,|employee-dashboard|employee-service|,8,,MzQwNjg4NXxJTkZSQXxOQXwzNTQzMTU2MjYyMzc3MjI4ODY2,MzQwNjg4NXxJTkZSQXxOQXwzNTQzMTU2MjYyMzc3MjI4ODY2,,winlog,SANU-PC,running,SANU-PC,HP HP Laptop 15-da1xxx,,windows_security,"An account was successfully logged on.

Subject:
	Security ID:		S-1-5-18
	Account Name:		SANU-PC$
	Account Domain:		WORKGROUP
	Logon ID:		0x3e7

Logon Information:
	Logon Type:		5
	Restricted Admin Mode:	-
	Virtual Account:		%%1843
	Elevated Token:		%%1842

Impersonation Level:		%%1833

New Logon:
	Security ID:		S-1-5-18
	Account Name:		SYSTEM
	Account Domain:		NT AUTHORITY
	Logon ID:		0x3e7
	Linked Logon ID:		0x0
	Network Account Name:	-
	Network Account Domain:	-
	Logon GUID:		{00000000-0000-0000-0000-000000000000}

Process Information:
	Process ID:		0x33c
	Process Name:		C:\Windows\System32\services.exe

Network Information:
	Workstation Name:	-
	Source Network Address:	-
	Source Port:		-

Detailed Authentication Information:
	Logon Process:		Advapi  
	Authentication Package:	Negotiate
	Transited Services:	-
	Package Name (NTLM only):	-
	Key Length:		0

This event is generated when a logon session is created. It is generated on the computer that was accessed.

The subject fields indicate the account on the local system which requested the logon. This is most commonly a service such as the Server service, or a local process such as Winlogon.exe or Services.exe.

The logon type field indicates the kind of logon that occurred. The most common types are 2 (interactive) and 3 (network).

The New Logon fields indicate the account for whom the new logon was created, i.e. the account that was logged on.

The network fields indicate where a remote logon request originated. Workstation name is not always available and may be left blank in some cases.

The impersonation level field indicates the extent to which a process in the logon session can impersonate.

The authentication information fields provide detailed information about this specific logon request.
	- Logon GUID is a unique identifier that can be used to correlate this event with a KDC event.
	- Transited services indicate which intermediate services have participated in this logon request.
	- Package name indicates which sub-protocol was used among the NTLM protocols.
	- Key length indicates the length of the generated session key. This will be 0 if no session key was requested.
",7bf5edb6-f603-4be9-a39a-5f84c9274691,"An account was successfully logged on.

Subject:
	Security ID:		S-<DATETIME>
	Account Name:		SANU-PC$
	Account Domain:		WORKGROUP
	Logon ID:	<HEX>

Logon Information:
	Logon Type:		5
	Restricted Admin Mode:	-
	Virtual Account:		%%1843
	Elevated Token:		%%1842

Impersonation Level:		%%1833

New Logon:
	Security ID:		S-<DATETIME>
	Account Name:		SYSTEM
	Account Domain:		NT AUTHORITY
	Logon ID:	<HEX>
	Linked Logon ID:	<HEX>
	Network Account Name:	-
	Network Account Domain:	-
	Logon GUID:		{<UUID>}

Process Information:
	Process ID:	<HEX>
	Process Name:		C:\Windows\System32\services.exe

Network Information:
	Workstation Name:	-
	Source Network Address:	-
	Source Port:		-

Detailed Authentication Information:
	Logon Process:		Advapi  
	Authentication Package:	Negotiate
	Transited Services:	-
	Package Name (NTLM only):	-
	Key Length:		0

This event is generated when a logon session is created. It is generated on the computer that was accessed.

The subject fields indicate the account on the local system which requested the logon. This is most commonly a service such as the Server service, or a local process such as Winlogon.exe or Services.exe.

The logon type field indicates the kind of logon that occurred. The most common types are 2 (interactive) and 3 (network).

The New Logon fields indicate the account for whom the new logon was created, i.e. the account that was logged on.

The network fields indicate where a remote logon request originated. Workstation name is not always available and may be left blank in some cases.

The impersonation level field indicates the extent to which a process in the logon session can impersonate.

The authentication information fields provide detailed information about this specific logon request.
	- Logon GUID is a unique identifier that can be used to correlate this event with a KDC event.
	- Transited services indicate which intermediate services have participated in this logon request.
	- Package name indicates which sub-protocol was used among the NTLM protocols.
	- Key length indicates the length of the generated session key. This will be 0 if no session key was requested.
",2,api.logs,windows,BARE-METAL,fluent-bit,1.9.2,1,,8470712320,,Standalone Workstation,Microsoft Windows 11 Home Single Language,10.0.22000 Build 22000
2022-07-23 14:53:29,Security,SANU-PC,"",12544,4624,0,98451,"",Microsoft-Windows-Security-Auditing,"[""S-1-5-18"",""SANU-PC$"",""WORKGROUP"",""0x3e7"",""S-1-5-18"",""SYSTEM"",""NT AUTHORITY"",""0x3e7"",""5"",""Advapi  "",""Negotiate"",""-"",""{00000000-0000-0000-0000-000000000000}"",""-"",""-"",""0"",""0x33c"",""C:\\Windows\\System32\\services.exe"",""-"",""-"",""%%1833"",""-"",""-"",""-"",""%%1843"",""0x0"",""%%1842""]",2022-07-23 20:23:27 +0530,2022-07-23 20:23:27 +0530,SuccessAudit,Infrastructure,1.27.2,|544156790|544157489|,|employee-dashboard|employee-service|,8,,MzQwNjg4NXxJTkZSQXxOQXwzNTQzMTU2MjYyMzc3MjI4ODY2,MzQwNjg4NXxJTkZSQXxOQXwzNTQzMTU2MjYyMzc3MjI4ODY2,,winlog,SANU-PC,running,SANU-PC,HP HP Laptop 15-da1xxx,,windows_security,"An account was successfully logged on.

Subject:
	Security ID:		S-1-5-18
	Account Name:		SANU-PC$
	Account Domain:		WORKGROUP
	Logon ID:		0x3e7

Logon Information:
	Logon Type:		5
	Restricted Admin Mode:	-
	Virtual Account:		%%1843
	Elevated Token:		%%1842

Impersonation Level:		%%1833

New Logon:
	Security ID:		S-1-5-18
	Account Name:		SYSTEM
	Account Domain:		NT AUTHORITY
	Logon ID:		0x3e7
	Linked Logon ID:		0x0
	Network Account Name:	-
	Network Account Domain:	-
	Logon GUID:		{00000000-0000-0000-0000-000000000000}

Process Information:
	Process ID:		0x33c
	Process Name:		C:\Windows\System32\services.exe

Network Information:
	Workstation Name:	-
	Source Network Address:	-
	Source Port:		-

Detailed Authentication Information:
	Logon Process:		Advapi  
	Authentication Package:	Negotiate
	Transited Services:	-
	Package Name (NTLM only):	-
	Key Length:		0

This event is generated when a logon session is created. It is generated on the computer that was accessed.

The subject fields indicate the account on the local system which requested the logon. This is most commonly a service such as the Server service, or a local process such as Winlogon.exe or Services.exe.

The logon type field indicates the kind of logon that occurred. The most common types are 2 (interactive) and 3 (network).

The New Logon fields indicate the account for whom the new logon was created, i.e. the account that was logged on.

The network fields indicate where a remote logon request originated. Workstation name is not always available and may be left blank in some cases.

The impersonation level field indicates the extent to which a process in the logon session can impersonate.

The authentication information fields provide detailed information about this specific logon request.
	- Logon GUID is a unique identifier that can be used to correlate this event with a KDC event.
	- Transited services indicate which intermediate services have participated in this logon request.
	- Package name indicates which sub-protocol was used among the NTLM protocols.
	- Key length indicates the length of the generated session key. This will be 0 if no session key was requested.
",d08f3afa-c73d-4723-a4c4-7b8ae3f7d0f7,"An account was successfully logged on.

Subject:
	Security ID:		S-<DATETIME>
	Account Name:		SANU-PC$
	Account Domain:		WORKGROUP
	Logon ID:	<HEX>

Logon Information:
	Logon Type:		5
	Restricted Admin Mode:	-
	Virtual Account:		%%1843
	Elevated Token:		%%1842

Impersonation Level:		%%1833

New Logon:
	Security ID:		S-<DATETIME>
	Account Name:		SYSTEM
	Account Domain:		NT AUTHORITY
	Logon ID:	<HEX>
	Linked Logon ID:	<HEX>
	Network Account Name:	-
	Network Account Domain:	-
	Logon GUID:		{<UUID>}

Process Information:
	Process ID:	<HEX>
	Process Name:		C:\Windows\System32\services.exe

Network Information:
	Workstation Name:	-
	Source Network Address:	-
	Source Port:		-

Detailed Authentication Information:
	Logon Process:		Advapi  
	Authentication Package:	Negotiate
	Transited Services:	-
	Package Name (NTLM only):	-
	Key Length:		0

This event is generated when a logon session is created. It is generated on the computer that was accessed.

The subject fields indicate the account on the local system which requested the logon. This is most commonly a service such as the Server service, or a local process such as Winlogon.exe or Services.exe.

The logon type field indicates the kind of logon that occurred. The most common types are 2 (interactive) and 3 (network).

The New Logon fields indicate the account for whom the new logon was created, i.e. the account that was logged on.

The network fields indicate where a remote logon request originated. Workstation name is not always available and may be left blank in some cases.

The impersonation level field indicates the extent to which a process in the logon session can impersonate.

The authentication information fields provide detailed information about this specific logon request.
	- Logon GUID is a unique identifier that can be used to correlate this event with a KDC event.
	- Transited services indicate which intermediate services have participated in this logon request.
	- Package name indicates which sub-protocol was used among the NTLM protocols.
	- Key length indicates the length of the generated session key. This will be 0 if no session key was requested.
",1,api.logs,windows,BARE-METAL,fluent-bit,1.9.2,1,,8470712320,,Standalone Workstation,Microsoft Windows 11 Home Single Language,10.0.22000 Build 22000
2022-07-23 14:52:38,Security,SANU-PC,"",12544,4624,0,98442,"",Microsoft-Windows-Security-Auditing,"[""S-1-5-18"",""SANU-PC$"",""WORKGROUP"",""0x3e7"",""S-1-5-18"",""SYSTEM"",""NT AUTHORITY"",""0x3e7"",""5"",""Advapi  "",""Negotiate"",""-"",""{00000000-0000-0000-0000-000000000000}"",""-"",""-"",""0"",""0x33c"",""C:\\Windows\\System32\\services.exe"",""-"",""-"",""%%1833"",""-"",""-"",""-"",""%%1843"",""0x0"",""%%1842""]",2022-07-23 20:22:36 +0530,2022-07-23 20:22:36 +0530,SuccessAudit,Infrastructure,1.27.2,|544156790|544157489|,|employee-dashboard|employee-service|,8,,MzQwNjg4NXxJTkZSQXxOQXwzNTQzMTU2MjYyMzc3MjI4ODY2,MzQwNjg4NXxJTkZSQXxOQXwzNTQzMTU2MjYyMzc3MjI4ODY2,,winlog,SANU-PC,running,SANU-PC,HP HP Laptop 15-da1xxx,,windows_security,"An account was successfully logged on.

Subject:
	Security ID:		S-1-5-18
	Account Name:		SANU-PC$
	Account Domain:		WORKGROUP
	Logon ID:		0x3e7

Logon Information:
	Logon Type:		5
	Restricted Admin Mode:	-
	Virtual Account:		%%1843
	Elevated Token:		%%1842

Impersonation Level:		%%1833

New Logon:
	Security ID:		S-1-5-18
	Account Name:		SYSTEM
	Account Domain:		NT AUTHORITY
	Logon ID:		0x3e7
	Linked Logon ID:		0x0
	Network Account Name:	-
	Network Account Domain:	-
	Logon GUID:		{00000000-0000-0000-0000-000000000000}

Process Information:
	Process ID:		0x33c
	Process Name:		C:\Windows\System32\services.exe

Network Information:
	Workstation Name:	-
	Source Network Address:	-
	Source Port:		-

Detailed Authentication Information:
	Logon Process:		Advapi  
	Authentication Package:	Negotiate
	Transited Services:	-
	Package Name (NTLM only):	-
	Key Length:		0

This event is generated when a logon session is created. It is generated on the computer that was accessed.

The subject fields indicate the account on the local system which requested the logon. This is most commonly a service such as the Server service, or a local process such as Winlogon.exe or Services.exe.

The logon type field indicates the kind of logon that occurred. The most common types are 2 (interactive) and 3 (network).

The New Logon fields indicate the account for whom the new logon was created, i.e. the account that was logged on.

The network fields indicate where a remote logon request originated. Workstation name is not always available and may be left blank in some cases.

The impersonation level field indicates the extent to which a process in the logon session can impersonate.

The authentication information fields provide detailed information about this specific logon request.
	- Logon GUID is a unique identifier that can be used to correlate this event with a KDC event.
	- Transited services indicate which intermediate services have participated in this logon request.
	- Package name indicates which sub-protocol was used among the NTLM protocols.
	- Key length indicates the length of the generated session key. This will be 0 if no session key was requested.
",6d1e0cc0-ba9f-4f65-86fc-7cf857918c55,"An account was successfully logged on.

Subject:
	Security ID:		S-<DATETIME>
	Account Name:		SANU-PC$
	Account Domain:		WORKGROUP
	Logon ID:	<HEX>

Logon Information:
	Logon Type:		5
	Restricted Admin Mode:	-
	Virtual Account:		%%1843
	Elevated Token:		%%1842

Impersonation Level:		%%1833

New Logon:
	Security ID:		S-<DATETIME>
	Account Name:		SYSTEM
	Account Domain:		NT AUTHORITY
	Logon ID:	<HEX>
	Linked Logon ID:	<HEX>
	Network Account Name:	-
	Network Account Domain:	-
	Logon GUID:		{<UUID>}

Process Information:
	Process ID:	<HEX>
	Process Name:		C:\Windows\System32\services.exe

Network Information:
	Workstation Name:	-
	Source Network Address:	-
	Source Port:		-

Detailed Authentication Information:
	Logon Process:		Advapi  
	Authentication Package:	Negotiate
	Transited Services:	-
	Package Name (NTLM only):	-
	Key Length:		0

This event is generated when a logon session is created. It is generated on the computer that was accessed.

The subject fields indicate the account on the local system which requested the logon. This is most commonly a service such as the Server service, or a local process such as Winlogon.exe or Services.exe.

The logon type field indicates the kind of logon that occurred. The most common types are 2 (interactive) and 3 (network).

The New Logon fields indicate the account for whom the new logon was created, i.e. the account that was logged on.

The network fields indicate where a remote logon request originated. Workstation name is not always available and may be left blank in some cases.

The impersonation level field indicates the extent to which a process in the logon session can impersonate.

The authentication information fields provide detailed information about this specific logon request.
	- Logon GUID is a unique identifier that can be used to correlate this event with a KDC event.
	- Transited services indicate which intermediate services have participated in this logon request.
	- Package name indicates which sub-protocol was used among the NTLM protocols.
	- Key length indicates the length of the generated session key. This will be 0 if no session key was requested.
",1,api.logs,windows,BARE-METAL,fluent-bit,1.9.2,1,,8470712320,,Standalone Workstation,Microsoft Windows 11 Home Single Language,10.0.22000 Build 22000
2022-07-23 14:52:22,Security,SANU-PC,"",12544,4624,0,98432,"",Microsoft-Windows-Security-Auditing,"[""S-1-5-18"",""SANU-PC$"",""WORKGROUP"",""0x3e7"",""S-1-5-18"",""SYSTEM"",""NT AUTHORITY"",""0x3e7"",""5"",""Advapi  "",""Negotiate"",""-"",""{00000000-0000-0000-0000-000000000000}"",""-"",""-"",""0"",""0x33c"",""C:\\Windows\\System32\\services.exe"",""-"",""-"",""%%1833"",""-"",""-"",""-"",""%%1843"",""0x0"",""%%1842""]",2022-07-23 20:22:20 +0530,2022-07-23 20:22:20 +0530,SuccessAudit,Infrastructure,1.27.2,|544156790|544157489|,|employee-dashboard|employee-service|,8,,MzQwNjg4NXxJTkZSQXxOQXwzNTQzMTU2MjYyMzc3MjI4ODY2,MzQwNjg4NXxJTkZSQXxOQXwzNTQzMTU2MjYyMzc3MjI4ODY2,,winlog,SANU-PC,running,SANU-PC,HP HP Laptop 15-da1xxx,,windows_security,"An account was successfully logged on.

Subject:
	Security ID:		S-1-5-18
	Account Name:		SANU-PC$
	Account Domain:		WORKGROUP
	Logon ID:		0x3e7

Logon Information:
	Logon Type:		5
	Restricted Admin Mode:	-
	Virtual Account:		%%1843
	Elevated Token:		%%1842

Impersonation Level:		%%1833

New Logon:
	Security ID:		S-1-5-18
	Account Name:		SYSTEM
	Account Domain:		NT AUTHORITY
	Logon ID:		0x3e7
	Linked Logon ID:		0x0
	Network Account Name:	-
	Network Account Domain:	-
	Logon GUID:		{00000000-0000-0000-0000-000000000000}

Process Information:
	Process ID:		0x33c
	Process Name:		C:\Windows\System32\services.exe

Network Information:
	Workstation Name:	-
	Source Network Address:	-
	Source Port:		-

Detailed Authentication Information:
	Logon Process:		Advapi  
	Authentication Package:	Negotiate
	Transited Services:	-
	Package Name (NTLM only):	-
	Key Length:		0

This event is generated when a logon session is created. It is generated on the computer that was accessed.

The subject fields indicate the account on the local system which requested the logon. This is most commonly a service such as the Server service, or a local process such as Winlogon.exe or Services.exe.

The logon type field indicates the kind of logon that occurred. The most common types are 2 (interactive) and 3 (network).

The New Logon fields indicate the account for whom the new logon was created, i.e. the account that was logged on.

The network fields indicate where a remote logon request originated. Workstation name is not always available and may be left blank in some cases.

The impersonation level field indicates the extent to which a process in the logon session can impersonate.

The authentication information fields provide detailed information about this specific logon request.
	- Logon GUID is a unique identifier that can be used to correlate this event with a KDC event.
	- Transited services indicate which intermediate services have participated in this logon request.
	- Package name indicates which sub-protocol was used among the NTLM protocols.
	- Key length indicates the length of the generated session key. This will be 0 if no session key was requested.
",76c52c30-4dbc-4174-9104-6c9d0abf26d5,"An account was successfully logged on.

Subject:
	Security ID:		S-<DATETIME>
	Account Name:		SANU-PC$
	Account Domain:		WORKGROUP
	Logon ID:	<HEX>

Logon Information:
	Logon Type:		5
	Restricted Admin Mode:	-
	Virtual Account:		%%1843
	Elevated Token:		%%1842

Impersonation Level:		%%1833

New Logon:
	Security ID:		S-<DATETIME>
	Account Name:		SYSTEM
	Account Domain:		NT AUTHORITY
	Logon ID:	<HEX>
	Linked Logon ID:	<HEX>
	Network Account Name:	-
	Network Account Domain:	-
	Logon GUID:		{<UUID>}

Process Information:
	Process ID:	<HEX>
	Process Name:		C:\Windows\System32\services.exe

Network Information:
	Workstation Name:	-
	Source Network Address:	-
	Source Port:		-

Detailed Authentication Information:
	Logon Process:		Advapi  
	Authentication Package:	Negotiate
	Transited Services:	-
	Package Name (NTLM only):	-
	Key Length:		0

This event is generated when a logon session is created. It is generated on the computer that was accessed.

The subject fields indicate the account on the local system which requested the logon. This is most commonly a service such as the Server service, or a local process such as Winlogon.exe or Services.exe.

The logon type field indicates the kind of logon that occurred. The most common types are 2 (interactive) and 3 (network).

The New Logon fields indicate the account for whom the new logon was created, i.e. the account that was logged on.

The network fields indicate where a remote logon request originated. Workstation name is not always available and may be left blank in some cases.

The impersonation level field indicates the extent to which a process in the logon session can impersonate.

The authentication information fields provide detailed information about this specific logon request.
	- Logon GUID is a unique identifier that can be used to correlate this event with a KDC event.
	- Transited services indicate which intermediate services have participated in this logon request.
	- Package name indicates which sub-protocol was used among the NTLM protocols.
	- Key length indicates the length of the generated session key. This will be 0 if no session key was requested.
",1,api.logs,windows,BARE-METAL,fluent-bit,1.9.2,1,,8470712320,,Standalone Workstation,Microsoft Windows 11 Home Single Language,10.0.22000 Build 22000
2022-07-23 14:52:14,Security,SANU-PC,"",12544,4624,0,98430,"",Microsoft-Windows-Security-Auditing,"[""S-1-5-18"",""SANU-PC$"",""WORKGROUP"",""0x3e7"",""S-1-5-18"",""SYSTEM"",""NT AUTHORITY"",""0x3e7"",""5"",""Advapi  "",""Negotiate"",""-"",""{00000000-0000-0000-0000-000000000000}"",""-"",""-"",""0"",""0x33c"",""C:\\Windows\\System32\\services.exe"",""-"",""-"",""%%1833"",""-"",""-"",""-"",""%%1843"",""0x0"",""%%1842""]",2022-07-23 20:22:13 +0530,2022-07-23 20:22:13 +0530,SuccessAudit,Infrastructure,1.27.2,|544156790|544157489|,|employee-dashboard|employee-service|,8,,MzQwNjg4NXxJTkZSQXxOQXwzNTQzMTU2MjYyMzc3MjI4ODY2,MzQwNjg4NXxJTkZSQXxOQXwzNTQzMTU2MjYyMzc3MjI4ODY2,,winlog,SANU-PC,running,SANU-PC,HP HP Laptop 15-da1xxx,,windows_security,"An account was successfully logged on.

Subject:
	Security ID:		S-1-5-18
	Account Name:		SANU-PC$
	Account Domain:		WORKGROUP
	Logon ID:		0x3e7

Logon Information:
	Logon Type:		5
	Restricted Admin Mode:	-
	Virtual Account:		%%1843
	Elevated Token:		%%1842

Impersonation Level:		%%1833

New Logon:
	Security ID:		S-1-5-18
	Account Name:		SYSTEM
	Account Domain:		NT AUTHORITY
	Logon ID:		0x3e7
	Linked Logon ID:		0x0
	Network Account Name:	-
	Network Account Domain:	-
	Logon GUID:		{00000000-0000-0000-0000-000000000000}

Process Information:
	Process ID:		0x33c
	Process Name:		C:\Windows\System32\services.exe

Network Information:
	Workstation Name:	-
	Source Network Address:	-
	Source Port:		-

Detailed Authentication Information:
	Logon Process:		Advapi  
	Authentication Package:	Negotiate
	Transited Services:	-
	Package Name (NTLM only):	-
	Key Length:		0

This event is generated when a logon session is created. It is generated on the computer that was accessed.

The subject fields indicate the account on the local system which requested the logon. This is most commonly a service such as the Server service, or a local process such as Winlogon.exe or Services.exe.

The logon type field indicates the kind of logon that occurred. The most common types are 2 (interactive) and 3 (network).

The New Logon fields indicate the account for whom the new logon was created, i.e. the account that was logged on.

The network fields indicate where a remote logon request originated. Workstation name is not always available and may be left blank in some cases.

The impersonation level field indicates the extent to which a process in the logon session can impersonate.

The authentication information fields provide detailed information about this specific logon request.
	- Logon GUID is a unique identifier that can be used to correlate this event with a KDC event.
	- Transited services indicate which intermediate services have participated in this logon request.
	- Package name indicates which sub-protocol was used among the NTLM protocols.
	- Key length indicates the length of the generated session key. This will be 0 if no session key was requested.
",732709b0-9b9d-47e1-933a-6d779607eea7,"An account was successfully logged on.

Subject:
	Security ID:		S-<DATETIME>
	Account Name:		SANU-PC$
	Account Domain:		WORKGROUP
	Logon ID:	<HEX>

Logon Information:
	Logon Type:		5
	Restricted Admin Mode:	-
	Virtual Account:		%%1843
	Elevated Token:		%%1842

Impersonation Level:		%%1833

New Logon:
	Security ID:		S-<DATETIME>
	Account Name:		SYSTEM
	Account Domain:		NT AUTHORITY
	Logon ID:	<HEX>
	Linked Logon ID:	<HEX>
	Network Account Name:	-
	Network Account Domain:	-
	Logon GUID:		{<UUID>}

Process Information:
	Process ID:	<HEX>
	Process Name:		C:\Windows\System32\services.exe

Network Information:
	Workstation Name:	-
	Source Network Address:	-
	Source Port:		-

Detailed Authentication Information:
	Logon Process:		Advapi  
	Authentication Package:	Negotiate
	Transited Services:	-
	Package Name (NTLM only):	-
	Key Length:		0

This event is generated when a logon session is created. It is generated on the computer that was accessed.

The subject fields indicate the account on the local system which requested the logon. This is most commonly a service such as the Server service, or a local process such as Winlogon.exe or Services.exe.

The logon type field indicates the kind of logon that occurred. The most common types are 2 (interactive) and 3 (network).

The New Logon fields indicate the account for whom the new logon was created, i.e. the account that was logged on.

The network fields indicate where a remote logon request originated. Workstation name is not always available and may be left blank in some cases.

The impersonation level field indicates the extent to which a process in the logon session can impersonate.

The authentication information fields provide detailed information about this specific logon request.
	- Logon GUID is a unique identifier that can be used to correlate this event with a KDC event.
	- Transited services indicate which intermediate services have participated in this logon request.
	- Package name indicates which sub-protocol was used among the NTLM protocols.
	- Key length indicates the length of the generated session key. This will be 0 if no session key was requested.
",1,api.logs,windows,BARE-METAL,fluent-bit,1.9.2,1,,8470712320,,Standalone Workstation,Microsoft Windows 11 Home Single Language,10.0.22000 Build 22000
2022-07-23 14:51:28,Security,SANU-PC,"",12544,4624,0,98428,"",Microsoft-Windows-Security-Auditing,"[""S-1-5-18"",""SANU-PC$"",""WORKGROUP"",""0x3e7"",""S-1-5-18"",""SYSTEM"",""NT AUTHORITY"",""0x3e7"",""5"",""Advapi  "",""Negotiate"",""-"",""{00000000-0000-0000-0000-000000000000}"",""-"",""-"",""0"",""0x33c"",""C:\\Windows\\System32\\services.exe"",""-"",""-"",""%%1833"",""-"",""-"",""-"",""%%1843"",""0x0"",""%%1842""]",2022-07-23 20:21:26 +0530,2022-07-23 20:21:26 +0530,SuccessAudit,Infrastructure,1.27.2,|544156790|544157489|,|employee-dashboard|employee-service|,8,,MzQwNjg4NXxJTkZSQXxOQXwzNTQzMTU2MjYyMzc3MjI4ODY2,MzQwNjg4NXxJTkZSQXxOQXwzNTQzMTU2MjYyMzc3MjI4ODY2,,winlog,SANU-PC,running,SANU-PC,HP HP Laptop 15-da1xxx,,windows_security,"An account was successfully logged on.

Subject:
	Security ID:		S-1-5-18
	Account Name:		SANU-PC$
	Account Domain:		WORKGROUP
	Logon ID:		0x3e7

Logon Information:
	Logon Type:		5
	Restricted Admin Mode:	-
	Virtual Account:		%%1843
	Elevated Token:		%%1842

Impersonation Level:		%%1833

New Logon:
	Security ID:		S-1-5-18
	Account Name:		SYSTEM
	Account Domain:		NT AUTHORITY
	Logon ID:		0x3e7
	Linked Logon ID:		0x0
	Network Account Name:	-
	Network Account Domain:	-
	Logon GUID:		{00000000-0000-0000-0000-000000000000}

Process Information:
	Process ID:		0x33c
	Process Name:		C:\Windows\System32\services.exe

Network Information:
	Workstation Name:	-
	Source Network Address:	-
	Source Port:		-

Detailed Authentication Information:
	Logon Process:		Advapi  
	Authentication Package:	Negotiate
	Transited Services:	-
	Package Name (NTLM only):	-
	Key Length:		0

This event is generated when a logon session is created. It is generated on the computer that was accessed.

The subject fields indicate the account on the local system which requested the logon. This is most commonly a service such as the Server service, or a local process such as Winlogon.exe or Services.exe.

The logon type field indicates the kind of logon that occurred. The most common types are 2 (interactive) and 3 (network).

The New Logon fields indicate the account for whom the new logon was created, i.e. the account that was logged on.

The network fields indicate where a remote logon request originated. Workstation name is not always available and may be left blank in some cases.

The impersonation level field indicates the extent to which a process in the logon session can impersonate.

The authentication information fields provide detailed information about this specific logon request.
	- Logon GUID is a unique identifier that can be used to correlate this event with a KDC event.
	- Transited services indicate which intermediate services have participated in this logon request.
	- Package name indicates which sub-protocol was used among the NTLM protocols.
	- Key length indicates the length of the generated session key. This will be 0 if no session key was requested.
",0889f00a-fcb9-43a5-b7a8-a40c3b324ad1,"An account was successfully logged on.

Subject:
	Security ID:		S-<DATETIME>
	Account Name:		SANU-PC$
	Account Domain:		WORKGROUP
	Logon ID:	<HEX>

Logon Information:
	Logon Type:		5
	Restricted Admin Mode:	-
	Virtual Account:		%%1843
	Elevated Token:		%%1842

Impersonation Level:		%%1833

New Logon:
	Security ID:		S-<DATETIME>
	Account Name:		SYSTEM
	Account Domain:		NT AUTHORITY
	Logon ID:	<HEX>
	Linked Logon ID:	<HEX>
	Network Account Name:	-
	Network Account Domain:	-
	Logon GUID:		{<UUID>}

Process Information:
	Process ID:	<HEX>
	Process Name:		C:\Windows\System32\services.exe

Network Information:
	Workstation Name:	-
	Source Network Address:	-
	Source Port:		-

Detailed Authentication Information:
	Logon Process:		Advapi  
	Authentication Package:	Negotiate
	Transited Services:	-
	Package Name (NTLM only):	-
	Key Length:		0

This event is generated when a logon session is created. It is generated on the computer that was accessed.

The subject fields indicate the account on the local system which requested the logon. This is most commonly a service such as the Server service, or a local process such as Winlogon.exe or Services.exe.

The logon type field indicates the kind of logon that occurred. The most common types are 2 (interactive) and 3 (network).

The New Logon fields indicate the account for whom the new logon was created, i.e. the account that was logged on.

The network fields indicate where a remote logon request originated. Workstation name is not always available and may be left blank in some cases.

The impersonation level field indicates the extent to which a process in the logon session can impersonate.

The authentication information fields provide detailed information about this specific logon request.
	- Logon GUID is a unique identifier that can be used to correlate this event with a KDC event.
	- Transited services indicate which intermediate services have participated in this logon request.
	- Package name indicates which sub-protocol was used among the NTLM protocols.
	- Key length indicates the length of the generated session key. This will be 0 if no session key was requested.
",1,api.logs,windows,BARE-METAL,fluent-bit,1.9.2,1,,8470712320,,Standalone Workstation,Microsoft Windows 11 Home Single Language,10.0.22000 Build 22000
